2024-10-25 11:46:51.460 [INFO] [WebSocketConnectReadThread-11] [com.huobi.wss.handle.WssNotificationHandle.addAuth:157] - before send 
2024-10-25 11:46:51.479 [INFO] [WebSocketConnectReadThread-11] [com.huobi.wss.handle.WssNotificationHandle.addAuth:159] - after send 
2024-10-25 11:46:51.957 [INFO] [pool-2-thread-2] [com.huobi.future.wss.WssCenterNotificationSubEd25519Test.lambda$test1$0:30] - 用户收到的数据===============:{"op":"notify","topic":"public.futures.heartbeat","event":"init","ts":1729828011922,"data":{"heartbeat":1,"estimated_recovery_time":null}}
2024-10-25 11:46:51.981 [INFO] [pool-2-thread-2] [com.huobi.future.wss.WssCenterNotificationSubEd25519Test.lambda$test1$0:33] - ts为：1729828011922,当前的时间戳为：1729828011961,时间间隔为：39毫秒
2024-10-25 11:46:56.970 [DEBUG] [pool-2-thread-4] [com.huobi.wss.handle.WssNotificationHandle.dealPing:129] - 发送pong:1729828016922
2024-10-25 11:47:02.261 [DEBUG] [pool-2-thread-5] [com.huobi.wss.handle.WssNotificationHandle.dealPing:129] - 发送pong:1729828022213
2024-10-25 11:47:07.527 [DEBUG] [pool-2-thread-6] [com.huobi.wss.handle.WssNotificationHandle.dealPing:129] - 发送pong:1729828027505
2024-10-25 11:47:12.803 [DEBUG] [pool-2-thread-7] [com.huobi.wss.handle.WssNotificationHandle.dealPing:129] - 发送pong:1729828032771
2024-10-25 11:47:18.100 [DEBUG] [pool-2-thread-8] [com.huobi.wss.handle.WssNotificationHandle.dealPing:129] - 发送pong:1729828038054
2024-10-25 11:47:23.799 [DEBUG] [pool-2-thread-9] [com.huobi.wss.handle.WssNotificationHandle.dealPing:129] - 发送pong:1729828043344
2024-10-25 11:47:29.069 [DEBUG] [pool-2-thread-10] [com.huobi.wss.handle.WssNotificationHandle.dealPing:129] - 发送pong:1729828049044
2024-10-25 11:47:34.378 [DEBUG] [pool-2-thread-1] [com.huobi.wss.handle.WssNotificationHandle.dealPing:129] - 发送pong:1729828054331
2024-10-25 11:47:39.668 [DEBUG] [pool-2-thread-3] [com.huobi.wss.handle.WssNotificationHandle.dealPing:129] - 发送pong:1729828059622
2024-10-25 11:47:44.958 [DEBUG] [pool-2-thread-2] [com.huobi.wss.handle.WssNotificationHandle.dealPing:129] - 发送pong:1729828064911
2024-10-25 11:47:50.252 [DEBUG] [pool-2-thread-4] [com.huobi.wss.handle.WssNotificationHandle.dealPing:129] - 发送pong:1729828070201
2024-10-25 11:47:57.100 [DEBUG] [pool-2-thread-5] [com.huobi.wss.handle.WssNotificationHandle.dealPing:129] - 发送pong:1729828076645
2024-10-25 11:48:02.391 [DEBUG] [pool-2-thread-6] [com.huobi.wss.handle.WssNotificationHandle.dealPing:129] - 发送pong:1729828082344
2024-10-25 11:48:07.679 [DEBUG] [pool-2-thread-7] [com.huobi.wss.handle.WssNotificationHandle.dealPing:129] - 发送pong:1729828087635
2024-10-25 11:48:12.943 [DEBUG] [pool-2-thread-8] [com.huobi.wss.handle.WssNotificationHandle.dealPing:129] - 发送pong:1729828092923
2024-10-25 11:48:18.231 [DEBUG] [pool-2-thread-9] [com.huobi.wss.handle.WssNotificationHandle.dealPing:129] - 发送pong:1729828098186
2024-10-25 11:48:23.527 [DEBUG] [pool-2-thread-10] [com.huobi.wss.handle.WssNotificationHandle.dealPing:129] - 发送pong:1729828103474
2024-10-25 11:48:28.819 [DEBUG] [pool-2-thread-1] [com.huobi.wss.handle.WssNotificationHandle.dealPing:129] - 发送pong:1729828108771
2024-10-25 11:48:34.079 [DEBUG] [pool-2-thread-3] [com.huobi.wss.handle.WssNotificationHandle.dealPing:129] - 发送pong:1729828114071
2024-10-25 11:48:39.368 [DEBUG] [pool-2-thread-2] [com.huobi.wss.handle.WssNotificationHandle.dealPing:129] - 发送pong:1729828119323
2024-10-25 11:48:45.070 [DEBUG] [pool-2-thread-4] [com.huobi.wss.handle.WssNotificationHandle.dealPing:129] - 发送pong:1729828124610
2024-10-25 11:48:50.361 [DEBUG] [pool-2-thread-5] [com.huobi.wss.handle.WssNotificationHandle.dealPing:129] - 发送pong:1729828130314
2024-10-25 11:48:56.645 [DEBUG] [pool-2-thread-6] [com.huobi.wss.handle.WssNotificationHandle.dealPing:129] - 发送pong:1729828136644
2024-10-25 11:49:01.935 [DEBUG] [pool-2-thread-7] [com.huobi.wss.handle.WssNotificationHandle.dealPing:129] - 发送pong:1729828141891
2024-10-25 11:49:07.231 [DEBUG] [pool-2-thread-8] [com.huobi.wss.handle.WssNotificationHandle.dealPing:129] - 发送pong:1729828147179
2024-10-25 11:49:12.507 [DEBUG] [pool-2-thread-9] [com.huobi.wss.handle.WssNotificationHandle.dealPing:129] - 发送pong:1729828152475
2024-10-25 11:49:17.796 [DEBUG] [pool-2-thread-10] [com.huobi.wss.handle.WssNotificationHandle.dealPing:129] - 发送pong:1729828157750
2024-10-25 11:49:23.047 [DEBUG] [pool-2-thread-1] [com.huobi.wss.handle.WssNotificationHandle.dealPing:129] - 发送pong:1729828163039
2024-10-25 11:49:28.344 [DEBUG] [pool-2-thread-3] [com.huobi.wss.handle.WssNotificationHandle.dealPing:129] - 发送pong:1729828168293
2024-10-25 11:49:33.634 [DEBUG] [pool-2-thread-2] [com.huobi.wss.handle.WssNotificationHandle.dealPing:129] - 发送pong:1729828173587
2024-10-25 11:49:38.888 [DEBUG] [pool-2-thread-4] [com.huobi.wss.handle.WssNotificationHandle.dealPing:129] - 发送pong:1729828178879
2024-10-25 11:49:44.180 [DEBUG] [pool-2-thread-5] [com.huobi.wss.handle.WssNotificationHandle.dealPing:129] - 发送pong:1729828184131
2024-10-25 11:49:49.467 [DEBUG] [pool-2-thread-6] [com.huobi.wss.handle.WssNotificationHandle.dealPing:129] - 发送pong:1729828189424
2024-10-25 11:49:56.694 [DEBUG] [pool-2-thread-7] [com.huobi.wss.handle.WssNotificationHandle.dealPing:129] - 发送pong:1729828196648
2024-10-25 11:50:01.985 [DEBUG] [pool-2-thread-8] [com.huobi.wss.handle.WssNotificationHandle.dealPing:129] - 发送pong:1729828201938
2024-10-25 11:50:07.246 [DEBUG] [pool-2-thread-9] [com.huobi.wss.handle.WssNotificationHandle.dealPing:129] - 发送pong:1729828207228
2024-10-25 11:50:12.543 [DEBUG] [pool-2-thread-10] [com.huobi.wss.handle.WssNotificationHandle.dealPing:129] - 发送pong:1729828212528
2024-10-25 11:50:17.841 [DEBUG] [pool-2-thread-1] [com.huobi.wss.handle.WssNotificationHandle.dealPing:129] - 发送pong:1729828217786
2024-10-25 11:50:23.138 [DEBUG] [pool-2-thread-3] [com.huobi.wss.handle.WssNotificationHandle.dealPing:129] - 发送pong:1729828223091
2024-10-25 11:50:28.832 [DEBUG] [pool-2-thread-2] [com.huobi.wss.handle.WssNotificationHandle.dealPing:129] - 发送pong:1729828228381
2024-10-25 11:50:34.124 [DEBUG] [pool-2-thread-4] [com.huobi.wss.handle.WssNotificationHandle.dealPing:129] - 发送pong:1729828234078
2024-10-25 11:50:39.400 [DEBUG] [pool-2-thread-5] [com.huobi.wss.handle.WssNotificationHandle.dealPing:129] - 发送pong:1729828239370
2024-10-25 11:50:44.691 [DEBUG] [pool-2-thread-6] [com.huobi.wss.handle.WssNotificationHandle.dealPing:129] - 发送pong:1729828244643
2024-10-25 11:50:49.961 [DEBUG] [pool-2-thread-7] [com.huobi.wss.handle.WssNotificationHandle.dealPing:129] - 发送pong:1729828249934
2024-10-25 11:50:56.658 [DEBUG] [pool-2-thread-8] [com.huobi.wss.handle.WssNotificationHandle.dealPing:129] - 发送pong:1729828256643
2024-10-25 11:51:01.950 [DEBUG] [pool-2-thread-9] [com.huobi.wss.handle.WssNotificationHandle.dealPing:129] - 发送pong:1729828261902
2024-10-25 11:51:07.259 [DEBUG] [pool-2-thread-10] [com.huobi.wss.handle.WssNotificationHandle.dealPing:129] - 发送pong:1729828267224
2024-10-25 11:51:12.597 [DEBUG] [pool-2-thread-1] [com.huobi.wss.handle.WssNotificationHandle.dealPing:129] - 发送pong:1729828272547
2024-10-25 11:51:17.852 [DEBUG] [pool-2-thread-3] [com.huobi.wss.handle.WssNotificationHandle.dealPing:129] - 发送pong:1729828277840
2024-10-25 11:51:23.159 [DEBUG] [pool-2-thread-2] [com.huobi.wss.handle.WssNotificationHandle.dealPing:129] - 发送pong:1729828283113
2024-10-25 11:51:28.442 [DEBUG] [pool-2-thread-4] [com.huobi.wss.handle.WssNotificationHandle.dealPing:129] - 发送pong:1729828288402
2024-10-25 11:51:33.732 [DEBUG] [pool-2-thread-5] [com.huobi.wss.handle.WssNotificationHandle.dealPing:129] - 发送pong:1729828293684
2024-10-25 11:51:39.036 [DEBUG] [pool-2-thread-6] [com.huobi.wss.handle.WssNotificationHandle.dealPing:129] - 发送pong:1729828298990
2024-10-25 11:51:44.325 [DEBUG] [pool-2-thread-7] [com.huobi.wss.handle.WssNotificationHandle.dealPing:129] - 发送pong:1729828304278
2024-10-25 11:51:49.619 [DEBUG] [pool-2-thread-8] [com.huobi.wss.handle.WssNotificationHandle.dealPing:129] - 发送pong:1729828309567
2024-10-25 11:51:57.106 [DEBUG] [pool-2-thread-9] [com.huobi.wss.handle.WssNotificationHandle.dealPing:129] - 发送pong:1729828316643
2024-10-25 11:52:02.332 [DEBUG] [pool-2-thread-10] [com.huobi.wss.handle.WssNotificationHandle.dealPing:129] - 发送pong:1729828322349
2024-10-25 11:52:07.629 [DEBUG] [pool-2-thread-1] [com.huobi.wss.handle.WssNotificationHandle.dealPing:129] - 发送pong:1729828327576
2024-10-25 11:52:12.906 [DEBUG] [pool-2-thread-3] [com.huobi.wss.handle.WssNotificationHandle.dealPing:129] - 发送pong:1729828332873
2024-10-25 11:52:18.201 [DEBUG] [pool-2-thread-2] [com.huobi.wss.handle.WssNotificationHandle.dealPing:129] - 发送pong:1729828338153
2024-10-25 11:52:23.435 [DEBUG] [pool-2-thread-4] [com.huobi.wss.handle.WssNotificationHandle.dealPing:129] - 发送pong:1729828343443
2024-10-25 11:52:28.726 [DEBUG] [pool-2-thread-5] [com.huobi.wss.handle.WssNotificationHandle.dealPing:129] - 发送pong:1729828348679
2024-10-25 11:52:33.934 [DEBUG] [pool-2-thread-6] [com.huobi.wss.handle.WssNotificationHandle.dealPing:129] - 发送pong:1729828353970
2024-10-25 11:52:39.224 [DEBUG] [pool-2-thread-7] [com.huobi.wss.handle.WssNotificationHandle.dealPing:129] - 发送pong:1729828359177
2024-10-25 11:52:44.513 [DEBUG] [pool-2-thread-8] [com.huobi.wss.handle.WssNotificationHandle.dealPing:129] - 发送pong:1729828364466
2024-10-25 11:52:49.786 [DEBUG] [pool-2-thread-9] [com.huobi.wss.handle.WssNotificationHandle.dealPing:129] - 发送pong:1729828369760
2024-10-25 11:52:56.682 [DEBUG] [pool-2-thread-10] [com.huobi.wss.handle.WssNotificationHandle.dealPing:129] - 发送pong:1729828376644
2024-10-25 11:53:02.007 [DEBUG] [pool-2-thread-1] [com.huobi.wss.handle.WssNotificationHandle.dealPing:129] - 发送pong:1729828381925
2024-10-25 11:53:07.711 [DEBUG] [pool-2-thread-3] [com.huobi.wss.handle.WssNotificationHandle.dealPing:129] - 发送pong:1729828387255
2024-10-25 11:53:13.002 [DEBUG] [pool-2-thread-2] [com.huobi.wss.handle.WssNotificationHandle.dealPing:129] - 发送pong:1729828392954
2024-10-25 11:53:18.277 [DEBUG] [pool-2-thread-4] [com.huobi.wss.handle.WssNotificationHandle.dealPing:129] - 发送pong:1729828398245
2024-10-25 11:53:23.571 [DEBUG] [pool-2-thread-5] [com.huobi.wss.handle.WssNotificationHandle.dealPing:129] - 发送pong:1729828403523
2024-10-25 11:53:28.848 [DEBUG] [pool-2-thread-6] [com.huobi.wss.handle.WssNotificationHandle.dealPing:129] - 发送pong:1729828408814
2024-10-25 11:53:34.136 [DEBUG] [pool-2-thread-7] [com.huobi.wss.handle.WssNotificationHandle.dealPing:129] - 发送pong:1729828414091
2024-10-25 11:53:39.530 [DEBUG] [pool-2-thread-8] [com.huobi.wss.handle.WssNotificationHandle.dealPing:129] - 发送pong:1729828419379
2024-10-25 11:53:44.815 [DEBUG] [pool-2-thread-9] [com.huobi.wss.handle.WssNotificationHandle.dealPing:129] - 发送pong:1729828424774
2024-10-25 11:53:50.109 [DEBUG] [pool-2-thread-10] [com.huobi.wss.handle.WssNotificationHandle.dealPing:129] - 发送pong:1729828430061
2024-10-25 11:53:56.668 [DEBUG] [pool-2-thread-1] [com.huobi.wss.handle.WssNotificationHandle.dealPing:129] - 发送pong:1729828436641
2024-10-25 11:54:01.963 [DEBUG] [pool-2-thread-3] [com.huobi.wss.handle.WssNotificationHandle.dealPing:129] - 发送pong:1729828441912
2024-10-25 11:54:07.264 [DEBUG] [pool-2-thread-2] [com.huobi.wss.handle.WssNotificationHandle.dealPing:129] - 发送pong:1729828447210
2024-10-25 11:54:12.525 [DEBUG] [pool-2-thread-4] [com.huobi.wss.handle.WssNotificationHandle.dealPing:129] - 发送pong:1729828452505
2024-10-25 11:54:17.815 [DEBUG] [pool-2-thread-5] [com.huobi.wss.handle.WssNotificationHandle.dealPing:129] - 发送pong:1729828457772
2024-10-25 11:54:23.521 [DEBUG] [pool-2-thread-6] [com.huobi.wss.handle.WssNotificationHandle.dealPing:129] - 发送pong:1729828463058
2024-10-25 11:54:28.780 [DEBUG] [pool-2-thread-7] [com.huobi.wss.handle.WssNotificationHandle.dealPing:129] - 发送pong:1729828468765
2024-10-25 11:54:34.071 [DEBUG] [pool-2-thread-8] [com.huobi.wss.handle.WssNotificationHandle.dealPing:129] - 发送pong:1729828474023
2024-10-25 11:54:39.330 [DEBUG] [pool-2-thread-9] [com.huobi.wss.handle.WssNotificationHandle.dealPing:129] - 发送pong:1729828479314
2024-10-25 11:54:44.622 [DEBUG] [pool-2-thread-10] [com.huobi.wss.handle.WssNotificationHandle.dealPing:129] - 发送pong:1729828484574
2024-10-25 11:54:49.881 [DEBUG] [pool-2-thread-1] [com.huobi.wss.handle.WssNotificationHandle.dealPing:129] - 发送pong:1729828489864
2024-10-25 11:54:56.669 [DEBUG] [pool-2-thread-3] [com.huobi.wss.handle.WssNotificationHandle.dealPing:129] - 发送pong:1729828496643
2024-10-25 11:55:01.960 [DEBUG] [pool-2-thread-2] [com.huobi.wss.handle.WssNotificationHandle.dealPing:129] - 发送pong:1729828501911
2024-10-25 11:55:07.246 [DEBUG] [pool-2-thread-4] [com.huobi.wss.handle.WssNotificationHandle.dealPing:129] - 发送pong:1729828507203
2024-10-25 11:55:12.539 [DEBUG] [pool-2-thread-5] [com.huobi.wss.handle.WssNotificationHandle.dealPing:129] - 发送pong:1729828512492
2024-10-25 11:55:17.807 [DEBUG] [pool-2-thread-6] [com.huobi.wss.handle.WssNotificationHandle.dealPing:129] - 发送pong:1729828517782
2024-10-25 11:55:23.094 [DEBUG] [pool-2-thread-7] [com.huobi.wss.handle.WssNotificationHandle.dealPing:129] - 发送pong:1729828523049
2024-10-25 11:55:28.801 [DEBUG] [pool-2-thread-8] [com.huobi.wss.handle.WssNotificationHandle.dealPing:129] - 发送pong:1729828528340
2024-10-25 11:55:34.091 [DEBUG] [pool-2-thread-9] [com.huobi.wss.handle.WssNotificationHandle.dealPing:129] - 发送pong:1729828534043
2024-10-25 11:55:39.345 [DEBUG] [pool-2-thread-10] [com.huobi.wss.handle.WssNotificationHandle.dealPing:129] - 发送pong:1729828539334
2024-10-25 11:55:45.045 [DEBUG] [pool-2-thread-1] [com.huobi.wss.handle.WssNotificationHandle.dealPing:129] - 发送pong:1729828544586
2024-10-25 11:55:50.331 [DEBUG] [pool-2-thread-3] [com.huobi.wss.handle.WssNotificationHandle.dealPing:129] - 发送pong:1729828550288
2024-10-25 11:55:56.682 [DEBUG] [pool-2-thread-2] [com.huobi.wss.handle.WssNotificationHandle.dealPing:129] - 发送pong:1729828556645
2024-10-25 11:56:01.973 [DEBUG] [pool-2-thread-4] [com.huobi.wss.handle.WssNotificationHandle.dealPing:129] - 发送pong:1729828561936
2024-10-25 11:56:07.265 [DEBUG] [pool-2-thread-5] [com.huobi.wss.handle.WssNotificationHandle.dealPing:129] - 发送pong:1729828567226
2024-10-25 11:56:12.554 [DEBUG] [pool-2-thread-6] [com.huobi.wss.handle.WssNotificationHandle.dealPing:129] - 发送pong:1729828572522
2024-10-25 11:56:17.823 [DEBUG] [pool-2-thread-7] [com.huobi.wss.handle.WssNotificationHandle.dealPing:129] - 发送pong:1729828577811
2024-10-25 11:56:23.119 [DEBUG] [pool-2-thread-8] [com.huobi.wss.handle.WssNotificationHandle.dealPing:129] - 发送pong:1729828583082
2024-10-25 11:56:28.371 [DEBUG] [pool-2-thread-9] [com.huobi.wss.handle.WssNotificationHandle.dealPing:129] - 发送pong:1729828588378
2024-10-25 11:56:33.662 [DEBUG] [pool-2-thread-10] [com.huobi.wss.handle.WssNotificationHandle.dealPing:129] - 发送pong:1729828593629
2024-10-25 11:56:38.925 [DEBUG] [pool-2-thread-1] [com.huobi.wss.handle.WssNotificationHandle.dealPing:129] - 发送pong:1729828598920
2024-10-25 11:56:44.611 [DEBUG] [pool-2-thread-3] [com.huobi.wss.handle.WssNotificationHandle.dealPing:129] - 发送pong:1729828604183
2024-10-25 11:56:49.902 [DEBUG] [pool-2-thread-2] [com.huobi.wss.handle.WssNotificationHandle.dealPing:129] - 发送pong:1729828609870
2024-10-25 11:56:56.687 [DEBUG] [pool-2-thread-4] [com.huobi.wss.handle.WssNotificationHandle.dealPing:129] - 发送pong:1729828616656
2024-10-25 11:57:01.977 [DEBUG] [pool-2-thread-5] [com.huobi.wss.handle.WssNotificationHandle.dealPing:129] - 发送pong:1729828621946
2024-10-25 11:57:07.270 [DEBUG] [pool-2-thread-6] [com.huobi.wss.handle.WssNotificationHandle.dealPing:129] - 发送pong:1729828627239
2024-10-25 11:57:12.561 [DEBUG] [pool-2-thread-7] [com.huobi.wss.handle.WssNotificationHandle.dealPing:129] - 发送pong:1729828632529
2024-10-25 11:57:17.843 [DEBUG] [pool-2-thread-8] [com.huobi.wss.handle.WssNotificationHandle.dealPing:129] - 发送pong:1729828637821
2024-10-25 11:57:23.136 [DEBUG] [pool-2-thread-9] [com.huobi.wss.handle.WssNotificationHandle.dealPing:129] - 发送pong:1729828643105
2024-10-25 11:57:28.426 [DEBUG] [pool-2-thread-10] [com.huobi.wss.handle.WssNotificationHandle.dealPing:129] - 发送pong:1729828648395
2024-10-25 11:57:33.693 [DEBUG] [pool-2-thread-1] [com.huobi.wss.handle.WssNotificationHandle.dealPing:129] - 发送pong:1729828653689
2024-10-25 11:57:39.409 [DEBUG] [pool-2-thread-3] [com.huobi.wss.handle.WssNotificationHandle.dealPing:129] - 发送pong:1729828658961
2024-10-25 11:57:44.678 [DEBUG] [pool-2-thread-2] [com.huobi.wss.handle.WssNotificationHandle.dealPing:129] - 发送pong:1729828664670
2024-10-25 11:57:50.382 [DEBUG] [pool-2-thread-4] [com.huobi.wss.handle.WssNotificationHandle.dealPing:129] - 发送pong:1729828669941
2024-10-25 11:57:57.107 [DEBUG] [pool-2-thread-5] [com.huobi.wss.handle.WssNotificationHandle.dealPing:129] - 发送pong:1729828676659
2024-10-25 11:58:02.371 [DEBUG] [pool-2-thread-6] [com.huobi.wss.handle.WssNotificationHandle.dealPing:129] - 发送pong:1729828682367
2024-10-25 11:58:07.672 [DEBUG] [pool-2-thread-7] [com.huobi.wss.handle.WssNotificationHandle.dealPing:129] - 发送pong:1729828687638
2024-10-25 11:58:12.941 [DEBUG] [pool-2-thread-8] [com.huobi.wss.handle.WssNotificationHandle.dealPing:129] - 发送pong:1729828692932
2024-10-25 11:58:18.232 [DEBUG] [pool-2-thread-9] [com.huobi.wss.handle.WssNotificationHandle.dealPing:129] - 发送pong:1729828698202
2024-10-25 11:58:23.499 [DEBUG] [pool-2-thread-10] [com.huobi.wss.handle.WssNotificationHandle.dealPing:129] - 发送pong:1729828703491
2024-10-25 11:58:29.205 [DEBUG] [pool-2-thread-1] [com.huobi.wss.handle.WssNotificationHandle.dealPing:129] - 发送pong:1729828708765
2024-10-25 11:58:34.453 [DEBUG] [pool-2-thread-3] [com.huobi.wss.handle.WssNotificationHandle.dealPing:129] - 发送pong:1729828714467
2024-10-25 11:58:40.151 [DEBUG] [pool-2-thread-2] [com.huobi.wss.handle.WssNotificationHandle.dealPing:129] - 发送pong:1729828719716
2024-10-25 11:58:45.427 [DEBUG] [pool-2-thread-4] [com.huobi.wss.handle.WssNotificationHandle.dealPing:129] - 发送pong:1729828725411
2024-10-25 11:58:50.720 [DEBUG] [pool-2-thread-5] [com.huobi.wss.handle.WssNotificationHandle.dealPing:129] - 发送pong:1729828730688
2024-10-25 11:58:56.688 [DEBUG] [pool-2-thread-6] [com.huobi.wss.handle.WssNotificationHandle.dealPing:129] - 发送pong:1729828736657
2024-10-25 11:59:01.978 [DEBUG] [pool-2-thread-7] [com.huobi.wss.handle.WssNotificationHandle.dealPing:129] - 发送pong:1729828741947
2024-10-25 11:59:07.248 [DEBUG] [pool-2-thread-8] [com.huobi.wss.handle.WssNotificationHandle.dealPing:129] - 发送pong:1729828747238
2024-10-25 11:59:12.952 [DEBUG] [pool-2-thread-9] [com.huobi.wss.handle.WssNotificationHandle.dealPing:129] - 发送pong:1729828752507
2024-10-25 11:59:18.222 [DEBUG] [pool-2-thread-10] [com.huobi.wss.handle.WssNotificationHandle.dealPing:129] - 发送pong:1729828758211
2024-10-25 11:59:23.516 [DEBUG] [pool-2-thread-1] [com.huobi.wss.handle.WssNotificationHandle.dealPing:129] - 发送pong:1729828763481
2024-10-25 11:59:28.806 [DEBUG] [pool-2-thread-3] [com.huobi.wss.handle.WssNotificationHandle.dealPing:129] - 发送pong:1729828768779
2024-10-25 11:59:34.497 [DEBUG] [pool-2-thread-2] [com.huobi.wss.handle.WssNotificationHandle.dealPing:129] - 发送pong:1729828774065
2024-10-25 11:59:40.181 [DEBUG] [pool-2-thread-4] [com.huobi.wss.handle.WssNotificationHandle.dealPing:129] - 发送pong:1729828779759
2024-10-25 11:59:45.479 [DEBUG] [pool-2-thread-5] [com.huobi.wss.handle.WssNotificationHandle.dealPing:129] - 发送pong:1729828785443
2024-10-25 11:59:50.756 [DEBUG] [pool-2-thread-6] [com.huobi.wss.handle.WssNotificationHandle.dealPing:129] - 发送pong:1729828790736
2024-10-25 11:59:56.689 [DEBUG] [pool-2-thread-7] [com.huobi.wss.handle.WssNotificationHandle.dealPing:129] - 发送pong:1729828796658
