2024-10-25 14:00:01.991 [DEBUG] [pool-2-thread-8] [com.huobi.wss.handle.WssNotificationHandle.dealPing:129] - 发送pong:1729836002091
2024-10-25 14:00:07.304 [DEBUG] [pool-2-thread-9] [com.huobi.wss.handle.WssNotificationHandle.dealPing:129] - 发送pong:1729836007407
2024-10-25 14:00:12.597 [DEBUG] [pool-2-thread-10] [com.huobi.wss.handle.WssNotificationHandle.dealPing:129] - 发送pong:1729836012699
2024-10-25 14:00:17.881 [DEBUG] [pool-2-thread-1] [com.huobi.wss.handle.WssNotificationHandle.dealPing:129] - 发送pong:1729836017990
2024-10-25 14:00:23.173 [DEBUG] [pool-2-thread-3] [com.huobi.wss.handle.WssNotificationHandle.dealPing:129] - 发送pong:1729836023274
2024-10-25 14:00:28.440 [DEBUG] [pool-2-thread-2] [com.huobi.wss.handle.WssNotificationHandle.dealPing:129] - 发送pong:1729836028565
2024-10-25 14:00:33.732 [DEBUG] [pool-2-thread-4] [com.huobi.wss.handle.WssNotificationHandle.dealPing:129] - 发送pong:1729836033832
2024-10-25 14:00:39.031 [DEBUG] [pool-2-thread-5] [com.huobi.wss.handle.WssNotificationHandle.dealPing:129] - 发送pong:1729836039125
2024-10-25 14:00:44.324 [DEBUG] [pool-2-thread-6] [com.huobi.wss.handle.WssNotificationHandle.dealPing:129] - 发送pong:1729836044425
2024-10-25 14:00:49.617 [DEBUG] [pool-2-thread-7] [com.huobi.wss.handle.WssNotificationHandle.dealPing:129] - 发送pong:1729836049718
2024-10-25 14:00:56.693 [DEBUG] [pool-2-thread-8] [com.huobi.wss.handle.WssNotificationHandle.dealPing:129] - 发送pong:1729836056793
2024-10-25 14:01:01.990 [DEBUG] [pool-2-thread-9] [com.huobi.wss.handle.WssNotificationHandle.dealPing:129] - 发送pong:1729836062086
2024-10-25 14:01:07.262 [DEBUG] [pool-2-thread-10] [com.huobi.wss.handle.WssNotificationHandle.dealPing:129] - 发送pong:1729836067383
2024-10-25 14:01:12.542 [DEBUG] [pool-2-thread-1] [com.huobi.wss.handle.WssNotificationHandle.dealPing:129] - 发送pong:1729836072654
2024-10-25 14:01:18.252 [DEBUG] [pool-2-thread-3] [com.huobi.wss.handle.WssNotificationHandle.dealPing:129] - 发送pong:1729836077936
2024-10-25 14:01:23.543 [DEBUG] [pool-2-thread-2] [com.huobi.wss.handle.WssNotificationHandle.dealPing:129] - 发送pong:1729836083644
2024-10-25 14:01:28.833 [DEBUG] [pool-2-thread-4] [com.huobi.wss.handle.WssNotificationHandle.dealPing:129] - 发送pong:1729836088935
2024-10-25 14:01:34.130 [DEBUG] [pool-2-thread-5] [com.huobi.wss.handle.WssNotificationHandle.dealPing:129] - 发送pong:1729836094226
2024-10-25 14:01:39.420 [DEBUG] [pool-2-thread-6] [com.huobi.wss.handle.WssNotificationHandle.dealPing:129] - 发送pong:1729836099521
2024-10-25 14:01:44.706 [DEBUG] [pool-2-thread-7] [com.huobi.wss.handle.WssNotificationHandle.dealPing:129] - 发送pong:1729836104816
2024-10-25 14:01:50.422 [DEBUG] [pool-2-thread-8] [com.huobi.wss.handle.WssNotificationHandle.dealPing:129] - 发送pong:1729836110098
2024-10-25 14:01:56.691 [DEBUG] [pool-2-thread-9] [com.huobi.wss.handle.WssNotificationHandle.dealPing:129] - 发送pong:1729836116795
2024-10-25 14:02:01.982 [DEBUG] [pool-2-thread-10] [com.huobi.wss.handle.WssNotificationHandle.dealPing:129] - 发送pong:1729836122083
2024-10-25 14:02:07.277 [DEBUG] [pool-2-thread-1] [com.huobi.wss.handle.WssNotificationHandle.dealPing:129] - 发送pong:1729836127376
2024-10-25 14:02:12.557 [DEBUG] [pool-2-thread-3] [com.huobi.wss.handle.WssNotificationHandle.dealPing:129] - 发送pong:1729836132669
2024-10-25 14:02:17.854 [DEBUG] [pool-2-thread-2] [com.huobi.wss.handle.WssNotificationHandle.dealPing:129] - 发送pong:1729836137949
2024-10-25 14:02:23.150 [DEBUG] [pool-2-thread-4] [com.huobi.wss.handle.WssNotificationHandle.dealPing:129] - 发送pong:1729836143251
2024-10-25 14:02:28.445 [DEBUG] [pool-2-thread-5] [com.huobi.wss.handle.WssNotificationHandle.dealPing:129] - 发送pong:1729836148544
2024-10-25 14:02:33.738 [DEBUG] [pool-2-thread-6] [com.huobi.wss.handle.WssNotificationHandle.dealPing:129] - 发送pong:1729836153838
2024-10-25 14:02:39.035 [DEBUG] [pool-2-thread-7] [com.huobi.wss.handle.WssNotificationHandle.dealPing:129] - 发送pong:1729836159131
2024-10-25 14:02:44.325 [DEBUG] [pool-2-thread-8] [com.huobi.wss.handle.WssNotificationHandle.dealPing:129] - 发送pong:1729836164426
2024-10-25 14:02:49.619 [DEBUG] [pool-2-thread-9] [com.huobi.wss.handle.WssNotificationHandle.dealPing:129] - 发送pong:1729836169716
2024-10-25 14:02:57.117 [DEBUG] [pool-2-thread-10] [com.huobi.wss.handle.WssNotificationHandle.dealPing:129] - 发送pong:1729836176794
2024-10-25 14:03:02.402 [DEBUG] [pool-2-thread-1] [com.huobi.wss.handle.WssNotificationHandle.dealPing:129] - 发送pong:1729836182511
2024-10-25 14:03:07.693 [DEBUG] [pool-2-thread-3] [com.huobi.wss.handle.WssNotificationHandle.dealPing:129] - 发送pong:1729836187794
2024-10-25 14:03:12.976 [DEBUG] [pool-2-thread-2] [com.huobi.wss.handle.WssNotificationHandle.dealPing:129] - 发送pong:1729836193083
2024-10-25 14:03:18.271 [DEBUG] [pool-2-thread-4] [com.huobi.wss.handle.WssNotificationHandle.dealPing:129] - 发送pong:1729836198370
2024-10-25 14:03:23.572 [DEBUG] [pool-2-thread-5] [com.huobi.wss.handle.WssNotificationHandle.dealPing:129] - 发送pong:1729836203668
2024-10-25 14:03:28.871 [DEBUG] [pool-2-thread-6] [com.huobi.wss.handle.WssNotificationHandle.dealPing:129] - 发送pong:1729836208967
2024-10-25 14:03:34.158 [DEBUG] [pool-2-thread-7] [com.huobi.wss.handle.WssNotificationHandle.dealPing:129] - 发送pong:1729836214263
2024-10-25 14:03:39.448 [DEBUG] [pool-2-thread-8] [com.huobi.wss.handle.WssNotificationHandle.dealPing:129] - 发送pong:1729836219549
2024-10-25 14:03:44.748 [DEBUG] [pool-2-thread-9] [com.huobi.wss.handle.WssNotificationHandle.dealPing:129] - 发送pong:1729836224842
2024-10-25 14:03:50.039 [DEBUG] [pool-2-thread-10] [com.huobi.wss.handle.WssNotificationHandle.dealPing:129] - 发送pong:1729836230141
2024-10-25 14:03:56.691 [DEBUG] [pool-2-thread-1] [com.huobi.wss.handle.WssNotificationHandle.dealPing:129] - 发送pong:1729836236790
2024-10-25 14:04:01.982 [DEBUG] [pool-2-thread-3] [com.huobi.wss.handle.WssNotificationHandle.dealPing:129] - 发送pong:1729836242081
2024-10-25 14:04:07.274 [DEBUG] [pool-2-thread-2] [com.huobi.wss.handle.WssNotificationHandle.dealPing:129] - 发送pong:1729836247372
2024-10-25 14:04:12.566 [DEBUG] [pool-2-thread-4] [com.huobi.wss.handle.WssNotificationHandle.dealPing:129] - 发送pong:1729836252665
2024-10-25 14:04:17.856 [DEBUG] [pool-2-thread-5] [com.huobi.wss.handle.WssNotificationHandle.dealPing:129] - 发送pong:1729836257956
2024-10-25 14:04:23.150 [DEBUG] [pool-2-thread-6] [com.huobi.wss.handle.WssNotificationHandle.dealPing:129] - 发送pong:1729836263246
2024-10-25 14:04:28.444 [DEBUG] [pool-2-thread-7] [com.huobi.wss.handle.WssNotificationHandle.dealPing:129] - 发送pong:1729836268541
2024-10-25 14:04:33.747 [DEBUG] [pool-2-thread-8] [com.huobi.wss.handle.WssNotificationHandle.dealPing:129] - 发送pong:1729836273836
2024-10-25 14:04:39.039 [DEBUG] [pool-2-thread-9] [com.huobi.wss.handle.WssNotificationHandle.dealPing:129] - 发送pong:1729836279138
2024-10-25 14:04:44.338 [DEBUG] [pool-2-thread-10] [com.huobi.wss.handle.WssNotificationHandle.dealPing:129] - 发送pong:1729836284430
2024-10-25 14:04:49.628 [DEBUG] [pool-2-thread-1] [com.huobi.wss.handle.WssNotificationHandle.dealPing:129] - 发送pong:1729836289728
2024-10-25 14:04:56.687 [DEBUG] [pool-2-thread-3] [com.huobi.wss.handle.WssNotificationHandle.dealPing:129] - 发送pong:1729836296790
2024-10-25 14:05:01.976 [DEBUG] [pool-2-thread-2] [com.huobi.wss.handle.WssNotificationHandle.dealPing:129] - 发送pong:1729836302076
2024-10-25 14:05:07.258 [DEBUG] [pool-2-thread-4] [com.huobi.wss.handle.WssNotificationHandle.dealPing:129] - 发送pong:1729836307366
2024-10-25 14:05:12.548 [DEBUG] [pool-2-thread-5] [com.huobi.wss.handle.WssNotificationHandle.dealPing:129] - 发送pong:1729836312648
2024-10-25 14:05:17.843 [DEBUG] [pool-2-thread-6] [com.huobi.wss.handle.WssNotificationHandle.dealPing:129] - 发送pong:1729836317938
2024-10-25 14:05:23.137 [DEBUG] [pool-2-thread-7] [com.huobi.wss.handle.WssNotificationHandle.dealPing:129] - 发送pong:1729836323236
2024-10-25 14:05:28.428 [DEBUG] [pool-2-thread-8] [com.huobi.wss.handle.WssNotificationHandle.dealPing:129] - 发送pong:1729836328526
2024-10-25 14:05:33.721 [DEBUG] [pool-2-thread-9] [com.huobi.wss.handle.WssNotificationHandle.dealPing:129] - 发送pong:1729836333820
2024-10-25 14:05:39.012 [DEBUG] [pool-2-thread-10] [com.huobi.wss.handle.WssNotificationHandle.dealPing:129] - 发送pong:1729836339111
2024-10-25 14:05:44.302 [DEBUG] [pool-2-thread-1] [com.huobi.wss.handle.WssNotificationHandle.dealPing:129] - 发送pong:1729836344401
2024-10-25 14:05:49.594 [DEBUG] [pool-2-thread-3] [com.huobi.wss.handle.WssNotificationHandle.dealPing:129] - 发送pong:1729836349694
2024-10-25 14:05:56.691 [DEBUG] [pool-2-thread-2] [com.huobi.wss.handle.WssNotificationHandle.dealPing:129] - 发送pong:1729836356790
2024-10-25 14:06:01.984 [DEBUG] [pool-2-thread-4] [com.huobi.wss.handle.WssNotificationHandle.dealPing:129] - 发送pong:1729836362080
2024-10-25 14:06:07.283 [DEBUG] [pool-2-thread-5] [com.huobi.wss.handle.WssNotificationHandle.dealPing:129] - 发送pong:1729836367379
2024-10-25 14:06:12.572 [DEBUG] [pool-2-thread-6] [com.huobi.wss.handle.WssNotificationHandle.dealPing:129] - 发送pong:1729836372673
2024-10-25 14:06:17.860 [DEBUG] [pool-2-thread-7] [com.huobi.wss.handle.WssNotificationHandle.dealPing:129] - 发送pong:1729836377966
2024-10-25 14:06:23.569 [DEBUG] [pool-2-thread-8] [com.huobi.wss.handle.WssNotificationHandle.dealPing:129] - 发送pong:1729836383249
2024-10-25 14:06:28.864 [DEBUG] [pool-2-thread-9] [com.huobi.wss.handle.WssNotificationHandle.dealPing:129] - 发送pong:1729836388959
2024-10-25 14:06:34.156 [DEBUG] [pool-2-thread-10] [com.huobi.wss.handle.WssNotificationHandle.dealPing:129] - 发送pong:1729836394255
2024-10-25 14:06:39.446 [DEBUG] [pool-2-thread-1] [com.huobi.wss.handle.WssNotificationHandle.dealPing:129] - 发送pong:1729836399546
2024-10-25 14:06:44.740 [DEBUG] [pool-2-thread-3] [com.huobi.wss.handle.WssNotificationHandle.dealPing:129] - 发送pong:1729836404840
2024-10-25 14:06:50.031 [DEBUG] [pool-2-thread-2] [com.huobi.wss.handle.WssNotificationHandle.dealPing:129] - 发送pong:1729836410129
2024-10-25 14:06:56.695 [DEBUG] [pool-2-thread-4] [com.huobi.wss.handle.WssNotificationHandle.dealPing:129] - 发送pong:1729836416791
2024-10-25 14:07:01.993 [DEBUG] [pool-2-thread-5] [com.huobi.wss.handle.WssNotificationHandle.dealPing:129] - 发送pong:1729836422090
2024-10-25 14:07:07.285 [DEBUG] [pool-2-thread-6] [com.huobi.wss.handle.WssNotificationHandle.dealPing:129] - 发送pong:1729836427382
2024-10-25 14:07:12.581 [DEBUG] [pool-2-thread-7] [com.huobi.wss.handle.WssNotificationHandle.dealPing:129] - 发送pong:1729836432675
2024-10-25 14:07:17.876 [DEBUG] [pool-2-thread-8] [com.huobi.wss.handle.WssNotificationHandle.dealPing:129] - 发送pong:1729836437974
2024-10-25 14:07:23.171 [DEBUG] [pool-2-thread-9] [com.huobi.wss.handle.WssNotificationHandle.dealPing:129] - 发送pong:1729836443266
2024-10-25 14:07:28.878 [DEBUG] [pool-2-thread-10] [com.huobi.wss.handle.WssNotificationHandle.dealPing:129] - 发送pong:1729836448560
2024-10-25 14:07:34.167 [DEBUG] [pool-2-thread-1] [com.huobi.wss.handle.WssNotificationHandle.dealPing:129] - 发送pong:1729836454266
2024-10-25 14:07:39.457 [DEBUG] [pool-2-thread-3] [com.huobi.wss.handle.WssNotificationHandle.dealPing:129] - 发送pong:1729836459557
2024-10-25 14:07:44.755 [DEBUG] [pool-2-thread-2] [com.huobi.wss.handle.WssNotificationHandle.dealPing:129] - 发送pong:1729836464846
2024-10-25 14:07:50.046 [DEBUG] [pool-2-thread-4] [com.huobi.wss.handle.WssNotificationHandle.dealPing:129] - 发送pong:1729836470144
2024-10-25 14:07:57.113 [DEBUG] [pool-2-thread-5] [com.huobi.wss.handle.WssNotificationHandle.dealPing:129] - 发送pong:1729836476787
2024-10-25 14:08:02.405 [DEBUG] [pool-2-thread-6] [com.huobi.wss.handle.WssNotificationHandle.dealPing:129] - 发送pong:1729836482503
2024-10-25 14:08:07.699 [DEBUG] [pool-2-thread-7] [com.huobi.wss.handle.WssNotificationHandle.dealPing:129] - 发送pong:1729836487796
2024-10-25 14:08:12.989 [DEBUG] [pool-2-thread-8] [com.huobi.wss.handle.WssNotificationHandle.dealPing:129] - 发送pong:1729836493088
2024-10-25 14:08:18.282 [DEBUG] [pool-2-thread-9] [com.huobi.wss.handle.WssNotificationHandle.dealPing:129] - 发送pong:1729836498381
2024-10-25 14:08:23.573 [DEBUG] [pool-2-thread-10] [com.huobi.wss.handle.WssNotificationHandle.dealPing:129] - 发送pong:1729836503672
2024-10-25 14:08:28.862 [DEBUG] [pool-2-thread-1] [com.huobi.wss.handle.WssNotificationHandle.dealPing:129] - 发送pong:1729836508962
2024-10-25 14:08:34.151 [DEBUG] [pool-2-thread-3] [com.huobi.wss.handle.WssNotificationHandle.dealPing:129] - 发送pong:1729836514250
2024-10-25 14:08:39.444 [DEBUG] [pool-2-thread-2] [com.huobi.wss.handle.WssNotificationHandle.dealPing:129] - 发送pong:1729836519541
2024-10-25 14:08:44.734 [DEBUG] [pool-2-thread-4] [com.huobi.wss.handle.WssNotificationHandle.dealPing:129] - 发送pong:1729836524833
2024-10-25 14:08:50.026 [DEBUG] [pool-2-thread-5] [com.huobi.wss.handle.WssNotificationHandle.dealPing:129] - 发送pong:1729836530125
2024-10-25 14:08:56.688 [DEBUG] [pool-2-thread-6] [com.huobi.wss.handle.WssNotificationHandle.dealPing:129] - 发送pong:1729836536787
2024-10-25 14:09:01.977 [DEBUG] [pool-2-thread-7] [com.huobi.wss.handle.WssNotificationHandle.dealPing:129] - 发送pong:1729836542077
2024-10-25 14:09:07.267 [DEBUG] [pool-2-thread-8] [com.huobi.wss.handle.WssNotificationHandle.dealPing:129] - 发送pong:1729836547366
2024-10-25 14:09:12.558 [DEBUG] [pool-2-thread-9] [com.huobi.wss.handle.WssNotificationHandle.dealPing:129] - 发送pong:1729836552655
2024-10-25 14:09:17.851 [DEBUG] [pool-2-thread-10] [com.huobi.wss.handle.WssNotificationHandle.dealPing:129] - 发送pong:1729836557949
2024-10-25 14:09:23.141 [DEBUG] [pool-2-thread-1] [com.huobi.wss.handle.WssNotificationHandle.dealPing:129] - 发送pong:1729836563239
2024-10-25 14:09:28.447 [DEBUG] [pool-2-thread-3] [com.huobi.wss.handle.WssNotificationHandle.dealPing:129] - 发送pong:1729836568536
2024-10-25 14:09:33.743 [DEBUG] [pool-2-thread-2] [com.huobi.wss.handle.WssNotificationHandle.dealPing:129] - 发送pong:1729836573835
2024-10-25 14:09:39.032 [DEBUG] [pool-2-thread-4] [com.huobi.wss.handle.WssNotificationHandle.dealPing:129] - 发送pong:1729836579131
2024-10-25 14:09:44.321 [DEBUG] [pool-2-thread-5] [com.huobi.wss.handle.WssNotificationHandle.dealPing:129] - 发送pong:1729836584420
2024-10-25 14:09:49.612 [DEBUG] [pool-2-thread-6] [com.huobi.wss.handle.WssNotificationHandle.dealPing:129] - 发送pong:1729836589709
2024-10-25 14:09:56.693 [DEBUG] [pool-2-thread-7] [com.huobi.wss.handle.WssNotificationHandle.dealPing:129] - 发送pong:1729836596788
2024-10-25 14:10:01.976 [DEBUG] [pool-2-thread-8] [com.huobi.wss.handle.WssNotificationHandle.dealPing:129] - 发送pong:1729836602081
2024-10-25 14:10:07.275 [DEBUG] [pool-2-thread-9] [com.huobi.wss.handle.WssNotificationHandle.dealPing:129] - 发送pong:1729836607365
2024-10-25 14:10:12.556 [DEBUG] [pool-2-thread-10] [com.huobi.wss.handle.WssNotificationHandle.dealPing:129] - 发送pong:1729836612664
2024-10-25 14:10:17.850 [DEBUG] [pool-2-thread-1] [com.huobi.wss.handle.WssNotificationHandle.dealPing:129] - 发送pong:1729836617945
2024-10-25 14:10:23.148 [DEBUG] [pool-2-thread-3] [com.huobi.wss.handle.WssNotificationHandle.dealPing:129] - 发送pong:1729836623244
2024-10-25 14:10:28.447 [DEBUG] [pool-2-thread-2] [com.huobi.wss.handle.WssNotificationHandle.dealPing:129] - 发送pong:1729836628537
2024-10-25 14:10:34.161 [DEBUG] [pool-2-thread-4] [com.huobi.wss.handle.WssNotificationHandle.dealPing:129] - 发送pong:1729836633835
2024-10-25 14:10:39.876 [DEBUG] [pool-2-thread-5] [com.huobi.wss.handle.WssNotificationHandle.dealPing:129] - 发送pong:1729836639549
2024-10-25 14:10:45.170 [DEBUG] [pool-2-thread-6] [com.huobi.wss.handle.WssNotificationHandle.dealPing:129] - 发送pong:1729836645267
2024-10-25 14:10:50.459 [DEBUG] [pool-2-thread-7] [com.huobi.wss.handle.WssNotificationHandle.dealPing:129] - 发送pong:1729836650558
2024-10-25 14:10:56.695 [DEBUG] [pool-2-thread-8] [com.huobi.wss.handle.WssNotificationHandle.dealPing:129] - 发送pong:1729836656788
2024-10-25 14:11:01.985 [DEBUG] [pool-2-thread-9] [com.huobi.wss.handle.WssNotificationHandle.dealPing:129] - 发送pong:1729836662083
2024-10-25 14:11:07.285 [DEBUG] [pool-2-thread-10] [com.huobi.wss.handle.WssNotificationHandle.dealPing:129] - 发送pong:1729836667380
2024-10-25 14:11:12.578 [DEBUG] [pool-2-thread-1] [com.huobi.wss.handle.WssNotificationHandle.dealPing:129] - 发送pong:1729836672672
2024-10-25 14:11:17.882 [DEBUG] [pool-2-thread-3] [com.huobi.wss.handle.WssNotificationHandle.dealPing:129] - 发送pong:1729836677975
2024-10-25 14:11:23.172 [DEBUG] [pool-2-thread-2] [com.huobi.wss.handle.WssNotificationHandle.dealPing:129] - 发送pong:1729836683270
2024-10-25 14:11:28.443 [DEBUG] [pool-2-thread-4] [com.huobi.wss.handle.WssNotificationHandle.dealPing:129] - 发送pong:1729836688560
2024-10-25 14:11:33.735 [DEBUG] [pool-2-thread-5] [com.huobi.wss.handle.WssNotificationHandle.dealPing:129] - 发送pong:1729836693830
2024-10-25 14:11:39.026 [DEBUG] [pool-2-thread-6] [com.huobi.wss.handle.WssNotificationHandle.dealPing:129] - 发送pong:1729836699125
2024-10-25 14:11:44.316 [DEBUG] [pool-2-thread-7] [com.huobi.wss.handle.WssNotificationHandle.dealPing:129] - 发送pong:1729836704413
2024-10-25 14:11:49.612 [DEBUG] [pool-2-thread-8] [com.huobi.wss.handle.WssNotificationHandle.dealPing:129] - 发送pong:1729836709706
2024-10-25 14:11:56.694 [DEBUG] [pool-2-thread-9] [com.huobi.wss.handle.WssNotificationHandle.dealPing:129] - 发送pong:1729836716794
2024-10-25 14:12:01.993 [DEBUG] [pool-2-thread-10] [com.huobi.wss.handle.WssNotificationHandle.dealPing:129] - 发送pong:1729836722086
2024-10-25 14:12:07.285 [DEBUG] [pool-2-thread-1] [com.huobi.wss.handle.WssNotificationHandle.dealPing:129] - 发送pong:1729836727380
2024-10-25 14:12:12.579 [DEBUG] [pool-2-thread-3] [com.huobi.wss.handle.WssNotificationHandle.dealPing:129] - 发送pong:1729836732674
2024-10-25 14:12:17.874 [DEBUG] [pool-2-thread-2] [com.huobi.wss.handle.WssNotificationHandle.dealPing:129] - 发送pong:1729836737969
2024-10-25 14:12:23.166 [DEBUG] [pool-2-thread-4] [com.huobi.wss.handle.WssNotificationHandle.dealPing:129] - 发送pong:1729836743261
2024-10-25 14:12:28.458 [DEBUG] [pool-2-thread-5] [com.huobi.wss.handle.WssNotificationHandle.dealPing:129] - 发送pong:1729836748555
2024-10-25 14:12:33.756 [DEBUG] [pool-2-thread-6] [com.huobi.wss.handle.WssNotificationHandle.dealPing:129] - 发送pong:1729836753846
2024-10-25 14:12:39.051 [DEBUG] [pool-2-thread-7] [com.huobi.wss.handle.WssNotificationHandle.dealPing:129] - 发送pong:1729836759144
2024-10-25 14:12:44.341 [DEBUG] [pool-2-thread-8] [com.huobi.wss.handle.WssNotificationHandle.dealPing:129] - 发送pong:1729836764438
2024-10-25 14:12:50.059 [DEBUG] [pool-2-thread-9] [com.huobi.wss.handle.WssNotificationHandle.dealPing:129] - 发送pong:1729836769728
2024-10-25 14:12:56.691 [DEBUG] [pool-2-thread-10] [com.huobi.wss.handle.WssNotificationHandle.dealPing:129] - 发送pong:1729836776786
2024-10-25 14:13:01.983 [DEBUG] [pool-2-thread-1] [com.huobi.wss.handle.WssNotificationHandle.dealPing:129] - 发送pong:1729836782079
2024-10-25 14:13:07.273 [DEBUG] [pool-2-thread-3] [com.huobi.wss.handle.WssNotificationHandle.dealPing:129] - 发送pong:1729836787370
2024-10-25 14:13:12.565 [DEBUG] [pool-2-thread-2] [com.huobi.wss.handle.WssNotificationHandle.dealPing:129] - 发送pong:1729836792660
2024-10-25 14:13:17.858 [DEBUG] [pool-2-thread-4] [com.huobi.wss.handle.WssNotificationHandle.dealPing:129] - 发送pong:1729836797953
2024-10-25 14:13:23.158 [DEBUG] [pool-2-thread-5] [com.huobi.wss.handle.WssNotificationHandle.dealPing:129] - 发送pong:1729836803244
2024-10-25 14:13:28.882 [DEBUG] [pool-2-thread-6] [com.huobi.wss.handle.WssNotificationHandle.dealPing:129] - 发送pong:1729836808537
2024-10-25 14:13:34.179 [DEBUG] [pool-2-thread-7] [com.huobi.wss.handle.WssNotificationHandle.dealPing:129] - 发送pong:1729836814255
2024-10-25 14:13:39.478 [DEBUG] [pool-2-thread-8] [com.huobi.wss.handle.WssNotificationHandle.dealPing:129] - 发送pong:1729836819551
2024-10-25 14:13:45.202 [DEBUG] [pool-2-thread-9] [com.huobi.wss.handle.WssNotificationHandle.dealPing:129] - 发送pong:1729836824841
2024-10-25 14:13:50.489 [DEBUG] [pool-2-thread-10] [com.huobi.wss.handle.WssNotificationHandle.dealPing:129] - 发送pong:1729836830564
2024-10-25 14:13:56.723 [DEBUG] [pool-2-thread-1] [com.huobi.wss.handle.WssNotificationHandle.dealPing:129] - 发送pong:1729836836790
2024-10-25 14:14:02.016 [DEBUG] [pool-2-thread-3] [com.huobi.wss.handle.WssNotificationHandle.dealPing:129] - 发送pong:1729836842082
2024-10-25 14:14:07.310 [DEBUG] [pool-2-thread-2] [com.huobi.wss.handle.WssNotificationHandle.dealPing:129] - 发送pong:1729836847375
2024-10-25 14:14:12.604 [DEBUG] [pool-2-thread-4] [com.huobi.wss.handle.WssNotificationHandle.dealPing:129] - 发送pong:1729836852669
2024-10-25 14:14:18.320 [DEBUG] [pool-2-thread-5] [com.huobi.wss.handle.WssNotificationHandle.dealPing:129] - 发送pong:1729836857961
2024-10-25 14:14:23.611 [DEBUG] [pool-2-thread-6] [com.huobi.wss.handle.WssNotificationHandle.dealPing:129] - 发送pong:1729836863675
2024-10-25 14:14:28.903 [DEBUG] [pool-2-thread-7] [com.huobi.wss.handle.WssNotificationHandle.dealPing:129] - 发送pong:1729836868968
2024-10-25 14:14:34.199 [DEBUG] [pool-2-thread-8] [com.huobi.wss.handle.WssNotificationHandle.dealPing:129] - 发送pong:1729836874264
2024-10-25 14:14:39.509 [DEBUG] [pool-2-thread-9] [com.huobi.wss.handle.WssNotificationHandle.dealPing:129] - 发送pong:1729836879554
2024-10-25 14:14:44.804 [DEBUG] [pool-2-thread-10] [com.huobi.wss.handle.WssNotificationHandle.dealPing:129] - 发送pong:1729836884866
2024-10-25 14:14:50.105 [DEBUG] [pool-2-thread-1] [com.huobi.wss.handle.WssNotificationHandle.dealPing:129] - 发送pong:1729836890158
2024-10-25 14:14:56.701 [DEBUG] [pool-2-thread-3] [com.huobi.wss.handle.WssNotificationHandle.dealPing:129] - 发送pong:1729836896765
2024-10-25 14:15:01.992 [DEBUG] [pool-2-thread-2] [com.huobi.wss.handle.WssNotificationHandle.dealPing:129] - 发送pong:1729836902056
2024-10-25 14:15:07.302 [DEBUG] [pool-2-thread-4] [com.huobi.wss.handle.WssNotificationHandle.dealPing:129] - 发送pong:1729836907361
2024-10-25 14:15:12.592 [DEBUG] [pool-2-thread-5] [com.huobi.wss.handle.WssNotificationHandle.dealPing:129] - 发送pong:1729836912660
2024-10-25 14:15:17.884 [DEBUG] [pool-2-thread-6] [com.huobi.wss.handle.WssNotificationHandle.dealPing:129] - 发送pong:1729836917950
2024-10-25 14:15:23.178 [DEBUG] [pool-2-thread-7] [com.huobi.wss.handle.WssNotificationHandle.dealPing:129] - 发送pong:1729836923239
2024-10-25 14:15:28.469 [DEBUG] [pool-2-thread-8] [com.huobi.wss.handle.WssNotificationHandle.dealPing:129] - 发送pong:1729836928533
2024-10-25 14:15:33.770 [DEBUG] [pool-2-thread-9] [com.huobi.wss.handle.WssNotificationHandle.dealPing:129] - 发送pong:1729836933823
2024-10-25 14:15:39.055 [DEBUG] [pool-2-thread-10] [com.huobi.wss.handle.WssNotificationHandle.dealPing:129] - 发送pong:1729836939126
2024-10-25 14:15:44.347 [DEBUG] [pool-2-thread-1] [com.huobi.wss.handle.WssNotificationHandle.dealPing:129] - 发送pong:1729836944411
2024-10-25 14:15:49.626 [DEBUG] [pool-2-thread-3] [com.huobi.wss.handle.WssNotificationHandle.dealPing:129] - 发送pong:1729836949702
2024-10-25 14:15:56.690 [DEBUG] [pool-2-thread-2] [com.huobi.wss.handle.WssNotificationHandle.dealPing:129] - 发送pong:1729836956756
2024-10-25 14:16:02.400 [DEBUG] [pool-2-thread-4] [com.huobi.wss.handle.WssNotificationHandle.dealPing:129] - 发送pong:1729836962044
2024-10-25 14:16:07.677 [DEBUG] [pool-2-thread-5] [com.huobi.wss.handle.WssNotificationHandle.dealPing:129] - 发送pong:1729836967753
2024-10-25 14:16:12.971 [DEBUG] [pool-2-thread-6] [com.huobi.wss.handle.WssNotificationHandle.dealPing:129] - 发送pong:1729836973030
2024-10-25 14:16:18.266 [DEBUG] [pool-2-thread-7] [com.huobi.wss.handle.WssNotificationHandle.dealPing:129] - 发送pong:1729836978326
2024-10-25 14:16:23.562 [DEBUG] [pool-2-thread-8] [com.huobi.wss.handle.WssNotificationHandle.dealPing:129] - 发送pong:1729836983623
2024-10-25 14:16:28.853 [DEBUG] [pool-2-thread-9] [com.huobi.wss.handle.WssNotificationHandle.dealPing:129] - 发送pong:1729836988916
2024-10-25 14:16:34.122 [DEBUG] [pool-2-thread-10] [com.huobi.wss.handle.WssNotificationHandle.dealPing:129] - 发送pong:1729836994206
2024-10-25 14:16:39.417 [DEBUG] [pool-2-thread-1] [com.huobi.wss.handle.WssNotificationHandle.dealPing:129] - 发送pong:1729836999480
2024-10-25 14:16:44.667 [DEBUG] [pool-2-thread-3] [com.huobi.wss.handle.WssNotificationHandle.dealPing:129] - 发送pong:1729837004769
2024-10-25 14:16:49.962 [DEBUG] [pool-2-thread-2] [com.huobi.wss.handle.WssNotificationHandle.dealPing:129] - 发送pong:1729837010021
2024-10-25 14:16:57.107 [DEBUG] [pool-2-thread-4] [com.huobi.wss.handle.WssNotificationHandle.dealPing:129] - 发送pong:1729837016752
2024-10-25 14:17:02.400 [DEBUG] [pool-2-thread-5] [com.huobi.wss.handle.WssNotificationHandle.dealPing:129] - 发送pong:1729837022460
2024-10-25 14:17:07.692 [DEBUG] [pool-2-thread-6] [com.huobi.wss.handle.WssNotificationHandle.dealPing:129] - 发送pong:1729837027753
2024-10-25 14:17:12.986 [DEBUG] [pool-2-thread-7] [com.huobi.wss.handle.WssNotificationHandle.dealPing:129] - 发送pong:1729837033046
2024-10-25 14:17:18.282 [DEBUG] [pool-2-thread-8] [com.huobi.wss.handle.WssNotificationHandle.dealPing:129] - 发送pong:1729837038338
2024-10-25 14:17:23.996 [DEBUG] [pool-2-thread-9] [com.huobi.wss.handle.WssNotificationHandle.dealPing:129] - 发送pong:1729837043636
2024-10-25 14:17:29.286 [DEBUG] [pool-2-thread-10] [com.huobi.wss.handle.WssNotificationHandle.dealPing:129] - 发送pong:1729837049348
2024-10-25 14:17:34.995 [DEBUG] [pool-2-thread-1] [com.huobi.wss.handle.WssNotificationHandle.dealPing:129] - 发送pong:1729837054638
2024-10-25 14:17:40.711 [DEBUG] [pool-2-thread-3] [com.huobi.wss.handle.WssNotificationHandle.dealPing:129] - 发送pong:1729837060350
2024-10-25 14:17:46.004 [DEBUG] [pool-2-thread-2] [com.huobi.wss.handle.WssNotificationHandle.dealPing:129] - 发送pong:1729837066066
2024-10-25 14:17:51.926 [DEBUG] [pool-2-thread-4] [com.huobi.wss.handle.WssNotificationHandle.dealPing:129] - 发送pong:1729837071355
2024-10-25 14:19:33.392 [ERROR] [WebSocketConnectReadThread-11] [com.huobi.wss.handle.WssNotificationHandle.onClose:101] - onClose i:1006,s:,b:true
2024-10-25 14:19:41.461 [ERROR] [pool-1-thread-1] [com.huobi.wss.handle.WssNotificationHandle.run:191] - isClosed:true,isClosing:false，准备重连
2024-10-25 14:19:44.054 [INFO] [WebSocketConnectReadThread-33] [com.huobi.wss.handle.WssNotificationHandle.addAuth:157] - before send 
2024-10-25 14:19:44.054 [INFO] [WebSocketConnectReadThread-33] [com.huobi.wss.handle.WssNotificationHandle.addAuth:159] - after send 
2024-10-25 14:19:44.056 [ERROR] [pool-1-thread-1] [com.huobi.wss.handle.WssNotificationHandle.run:193] - 重连的结果为：true
2024-10-25 14:19:44.645 [INFO] [pool-2-thread-6] [com.huobi.future.wss.WssCenterNotificationSubEd25519Test.lambda$test1$0:30] - 用户收到的数据===============:{"op":"notify","topic":"public.futures.heartbeat","event":"init","ts":1729837184699,"data":{"heartbeat":1,"estimated_recovery_time":null}}
2024-10-25 14:19:44.651 [INFO] [pool-2-thread-6] [com.huobi.future.wss.WssCenterNotificationSubEd25519Test.lambda$test1$0:33] - ts为：1729837184699,当前的时间戳为：1729837184645,时间间隔为：-54毫秒
2024-10-25 14:19:49.643 [DEBUG] [pool-2-thread-8] [com.huobi.wss.handle.WssNotificationHandle.dealPing:129] - 发送pong:1729837189699
2024-10-25 14:19:54.935 [DEBUG] [pool-2-thread-9] [com.huobi.wss.handle.WssNotificationHandle.dealPing:129] - 发送pong:1729837194997
2024-10-25 14:20:00.221 [DEBUG] [pool-2-thread-10] [com.huobi.wss.handle.WssNotificationHandle.dealPing:129] - 发送pong:1729837200288
2024-10-25 14:20:05.512 [DEBUG] [pool-2-thread-1] [com.huobi.wss.handle.WssNotificationHandle.dealPing:129] - 发送pong:1729837205572
2024-10-25 14:20:10.804 [DEBUG] [pool-2-thread-3] [com.huobi.wss.handle.WssNotificationHandle.dealPing:129] - 发送pong:1729837210863
2024-10-25 14:20:16.101 [DEBUG] [pool-2-thread-2] [com.huobi.wss.handle.WssNotificationHandle.dealPing:129] - 发送pong:1729837216155
2024-10-25 14:20:21.392 [DEBUG] [pool-2-thread-4] [com.huobi.wss.handle.WssNotificationHandle.dealPing:129] - 发送pong:1729837221452
2024-10-25 14:20:26.679 [DEBUG] [pool-2-thread-5] [com.huobi.wss.handle.WssNotificationHandle.dealPing:129] - 发送pong:1729837226741
2024-10-25 14:20:31.983 [DEBUG] [pool-2-thread-7] [com.huobi.wss.handle.WssNotificationHandle.dealPing:129] - 发送pong:1729837232034
2024-10-25 14:20:37.276 [DEBUG] [pool-2-thread-6] [com.huobi.wss.handle.WssNotificationHandle.dealPing:129] - 发送pong:1729837237333
2024-10-25 14:20:42.565 [DEBUG] [pool-2-thread-8] [com.huobi.wss.handle.WssNotificationHandle.dealPing:129] - 发送pong:1729837242628
2024-10-25 14:20:49.323 [DEBUG] [pool-2-thread-9] [com.huobi.wss.handle.WssNotificationHandle.dealPing:129] - 发送pong:1729837249400
2024-10-25 14:20:54.618 [DEBUG] [pool-2-thread-10] [com.huobi.wss.handle.WssNotificationHandle.dealPing:129] - 发送pong:1729837254677
2024-10-25 14:20:59.913 [DEBUG] [pool-2-thread-1] [com.huobi.wss.handle.WssNotificationHandle.dealPing:129] - 发送pong:1729837259968
2024-10-25 14:21:05.209 [DEBUG] [pool-2-thread-3] [com.huobi.wss.handle.WssNotificationHandle.dealPing:129] - 发送pong:1729837265266
2024-10-25 14:21:10.500 [DEBUG] [pool-2-thread-2] [com.huobi.wss.handle.WssNotificationHandle.dealPing:129] - 发送pong:1729837270561
2024-10-25 14:21:15.791 [DEBUG] [pool-2-thread-4] [com.huobi.wss.handle.WssNotificationHandle.dealPing:129] - 发送pong:1729837275849
2024-10-25 14:21:21.086 [DEBUG] [pool-2-thread-5] [com.huobi.wss.handle.WssNotificationHandle.dealPing:129] - 发送pong:1729837281144
2024-10-25 14:21:26.383 [DEBUG] [pool-2-thread-7] [com.huobi.wss.handle.WssNotificationHandle.dealPing:129] - 发送pong:1729837286439
2024-10-25 14:21:31.677 [DEBUG] [pool-2-thread-6] [com.huobi.wss.handle.WssNotificationHandle.dealPing:129] - 发送pong:1729837291736
2024-10-25 14:21:36.968 [DEBUG] [pool-2-thread-8] [com.huobi.wss.handle.WssNotificationHandle.dealPing:129] - 发送pong:1729837297025
2024-10-25 14:21:42.258 [DEBUG] [pool-2-thread-9] [com.huobi.wss.handle.WssNotificationHandle.dealPing:129] - 发送pong:1729837302317
2024-10-25 14:21:49.352 [DEBUG] [pool-2-thread-10] [com.huobi.wss.handle.WssNotificationHandle.dealPing:129] - 发送pong:1729837309406
2024-10-25 14:21:54.629 [DEBUG] [pool-2-thread-1] [com.huobi.wss.handle.WssNotificationHandle.dealPing:129] - 发送pong:1729837314701
2024-10-25 14:21:59.919 [DEBUG] [pool-2-thread-3] [com.huobi.wss.handle.WssNotificationHandle.dealPing:129] - 发送pong:1729837319978
2024-10-25 14:22:05.208 [DEBUG] [pool-2-thread-2] [com.huobi.wss.handle.WssNotificationHandle.dealPing:129] - 发送pong:1729837325267
2024-10-25 14:22:10.501 [DEBUG] [pool-2-thread-4] [com.huobi.wss.handle.WssNotificationHandle.dealPing:129] - 发送pong:1729837330557
2024-10-25 14:22:15.778 [DEBUG] [pool-2-thread-5] [com.huobi.wss.handle.WssNotificationHandle.dealPing:129] - 发送pong:1729837335850
2024-10-25 14:22:21.070 [DEBUG] [pool-2-thread-7] [com.huobi.wss.handle.WssNotificationHandle.dealPing:129] - 发送pong:1729837341126
2024-10-25 14:22:26.366 [DEBUG] [pool-2-thread-6] [com.huobi.wss.handle.WssNotificationHandle.dealPing:129] - 发送pong:1729837346418
2024-10-25 14:22:31.657 [DEBUG] [pool-2-thread-8] [com.huobi.wss.handle.WssNotificationHandle.dealPing:129] - 发送pong:1729837351717
2024-10-25 14:22:36.952 [DEBUG] [pool-2-thread-9] [com.huobi.wss.handle.WssNotificationHandle.dealPing:129] - 发送pong:1729837357010
2024-10-25 14:22:42.242 [DEBUG] [pool-2-thread-10] [com.huobi.wss.handle.WssNotificationHandle.dealPing:129] - 发送pong:1729837362300
2024-10-25 14:22:49.341 [DEBUG] [pool-2-thread-1] [com.huobi.wss.handle.WssNotificationHandle.dealPing:129] - 发送pong:1729837369400
2024-10-25 14:22:54.628 [DEBUG] [pool-2-thread-3] [com.huobi.wss.handle.WssNotificationHandle.dealPing:129] - 发送pong:1729837374689
2024-10-25 14:23:00.344 [DEBUG] [pool-2-thread-2] [com.huobi.wss.handle.WssNotificationHandle.dealPing:129] - 发送pong:1729837379975
2024-10-25 14:23:05.663 [DEBUG] [pool-2-thread-4] [com.huobi.wss.handle.WssNotificationHandle.dealPing:129] - 发送pong:1729837385722
2024-10-25 14:23:11.409 [DEBUG] [pool-2-thread-5] [com.huobi.wss.handle.WssNotificationHandle.dealPing:129] - 发送pong:1729837391043
2024-10-25 14:23:16.704 [DEBUG] [pool-2-thread-7] [com.huobi.wss.handle.WssNotificationHandle.dealPing:129] - 发送pong:1729837396760
2024-10-25 14:23:21.994 [DEBUG] [pool-2-thread-6] [com.huobi.wss.handle.WssNotificationHandle.dealPing:129] - 发送pong:1729837402053
2024-10-25 14:23:27.714 [DEBUG] [pool-2-thread-8] [com.huobi.wss.handle.WssNotificationHandle.dealPing:129] - 发送pong:1729837407342
2024-10-25 14:23:33.007 [DEBUG] [pool-2-thread-9] [com.huobi.wss.handle.WssNotificationHandle.dealPing:129] - 发送pong:1729837413061
2024-10-25 14:23:38.297 [DEBUG] [pool-2-thread-10] [com.huobi.wss.handle.WssNotificationHandle.dealPing:129] - 发送pong:1729837418355
2024-10-25 14:23:43.592 [DEBUG] [pool-2-thread-1] [com.huobi.wss.handle.WssNotificationHandle.dealPing:129] - 发送pong:1729837423645
2024-10-25 14:23:49.354 [DEBUG] [pool-2-thread-3] [com.huobi.wss.handle.WssNotificationHandle.dealPing:129] - 发送pong:1729837429409
2024-10-25 14:23:54.645 [DEBUG] [pool-2-thread-2] [com.huobi.wss.handle.WssNotificationHandle.dealPing:129] - 发送pong:1729837434702
2024-10-25 14:23:59.929 [DEBUG] [pool-2-thread-4] [com.huobi.wss.handle.WssNotificationHandle.dealPing:129] - 发送pong:1729837439994
2024-10-25 14:24:05.220 [DEBUG] [pool-2-thread-5] [com.huobi.wss.handle.WssNotificationHandle.dealPing:129] - 发送pong:1729837445275
2024-10-25 14:24:10.503 [DEBUG] [pool-2-thread-7] [com.huobi.wss.handle.WssNotificationHandle.dealPing:129] - 发送pong:1729837450569
2024-10-25 14:24:15.805 [DEBUG] [pool-2-thread-6] [com.huobi.wss.handle.WssNotificationHandle.dealPing:129] - 发送pong:1729837455852
2024-10-25 14:24:21.087 [DEBUG] [pool-2-thread-8] [com.huobi.wss.handle.WssNotificationHandle.dealPing:129] - 发送pong:1729837461152
2024-10-25 14:24:26.379 [DEBUG] [pool-2-thread-9] [com.huobi.wss.handle.WssNotificationHandle.dealPing:129] - 发送pong:1729837466434
2024-10-25 14:24:32.523 [DEBUG] [pool-2-thread-10] [com.huobi.wss.handle.WssNotificationHandle.dealPing:129] - 发送pong:1729837471725
2024-10-25 14:24:37.813 [DEBUG] [pool-2-thread-1] [com.huobi.wss.handle.WssNotificationHandle.dealPing:129] - 发送pong:1729837477869
2024-10-25 14:24:43.108 [DEBUG] [pool-2-thread-3] [com.huobi.wss.handle.WssNotificationHandle.dealPing:129] - 发送pong:1729837483164
2024-10-25 14:24:49.338 [DEBUG] [pool-2-thread-2] [com.huobi.wss.handle.WssNotificationHandle.dealPing:129] - 发送pong:1729837489395
2024-10-25 14:24:55.051 [DEBUG] [pool-2-thread-4] [com.huobi.wss.handle.WssNotificationHandle.dealPing:129] - 发送pong:1729837494686
2024-10-25 14:25:00.347 [DEBUG] [pool-2-thread-5] [com.huobi.wss.handle.WssNotificationHandle.dealPing:129] - 发送pong:1729837500399
2024-10-25 14:25:05.643 [DEBUG] [pool-2-thread-7] [com.huobi.wss.handle.WssNotificationHandle.dealPing:129] - 发送pong:1729837505693
2024-10-25 14:25:11.355 [DEBUG] [pool-2-thread-6] [com.huobi.wss.handle.WssNotificationHandle.dealPing:129] - 发送pong:1729837510990
2024-10-25 14:25:16.644 [DEBUG] [pool-2-thread-8] [com.huobi.wss.handle.WssNotificationHandle.dealPing:129] - 发送pong:1729837516701
2024-10-25 14:25:21.929 [DEBUG] [pool-2-thread-9] [com.huobi.wss.handle.WssNotificationHandle.dealPing:129] - 发送pong:1729837521990
2024-10-25 14:25:27.218 [DEBUG] [pool-2-thread-10] [com.huobi.wss.handle.WssNotificationHandle.dealPing:129] - 发送pong:1729837527274
2024-10-25 14:25:32.511 [DEBUG] [pool-2-thread-1] [com.huobi.wss.handle.WssNotificationHandle.dealPing:129] - 发送pong:1729837532564
2024-10-25 14:25:37.804 [DEBUG] [pool-2-thread-3] [com.huobi.wss.handle.WssNotificationHandle.dealPing:129] - 发送pong:1729837537856
2024-10-25 14:25:43.095 [DEBUG] [pool-2-thread-2] [com.huobi.wss.handle.WssNotificationHandle.dealPing:129] - 发送pong:1729837543149
2024-10-25 14:25:49.335 [DEBUG] [pool-2-thread-4] [com.huobi.wss.handle.WssNotificationHandle.dealPing:129] - 发送pong:1729837549390
2024-10-25 14:25:54.617 [DEBUG] [pool-2-thread-5] [com.huobi.wss.handle.WssNotificationHandle.dealPing:129] - 发送pong:1729837554682
2024-10-25 14:25:59.917 [DEBUG] [pool-2-thread-7] [com.huobi.wss.handle.WssNotificationHandle.dealPing:129] - 发送pong:1729837559963
2024-10-25 14:26:05.208 [DEBUG] [pool-2-thread-6] [com.huobi.wss.handle.WssNotificationHandle.dealPing:129] - 发送pong:1729837565263
2024-10-25 14:26:10.501 [DEBUG] [pool-2-thread-8] [com.huobi.wss.handle.WssNotificationHandle.dealPing:129] - 发送pong:1729837570554
2024-10-25 14:26:15.793 [DEBUG] [pool-2-thread-9] [com.huobi.wss.handle.WssNotificationHandle.dealPing:129] - 发送pong:1729837575847
2024-10-25 14:26:21.079 [DEBUG] [pool-2-thread-10] [com.huobi.wss.handle.WssNotificationHandle.dealPing:129] - 发送pong:1729837581138
2024-10-25 14:26:26.369 [DEBUG] [pool-2-thread-1] [com.huobi.wss.handle.WssNotificationHandle.dealPing:129] - 发送pong:1729837586424
2024-10-25 14:26:31.660 [DEBUG] [pool-2-thread-3] [com.huobi.wss.handle.WssNotificationHandle.dealPing:129] - 发送pong:1729837591714
2024-10-25 14:26:37.366 [DEBUG] [pool-2-thread-2] [com.huobi.wss.handle.WssNotificationHandle.dealPing:129] - 发送pong:1729837597006
2024-10-25 14:26:42.656 [DEBUG] [pool-2-thread-4] [com.huobi.wss.handle.WssNotificationHandle.dealPing:129] - 发送pong:1729837602710
2024-10-25 14:26:49.339 [DEBUG] [pool-2-thread-5] [com.huobi.wss.handle.WssNotificationHandle.dealPing:129] - 发送pong:1729837609393
2024-10-25 14:26:54.636 [DEBUG] [pool-2-thread-7] [com.huobi.wss.handle.WssNotificationHandle.dealPing:129] - 发送pong:1729837614690
2024-10-25 14:26:59.928 [DEBUG] [pool-2-thread-6] [com.huobi.wss.handle.WssNotificationHandle.dealPing:129] - 发送pong:1729837619981
2024-10-25 14:27:05.210 [DEBUG] [pool-2-thread-8] [com.huobi.wss.handle.WssNotificationHandle.dealPing:129] - 发送pong:1729837625274
2024-10-25 14:27:10.919 [DEBUG] [pool-2-thread-9] [com.huobi.wss.handle.WssNotificationHandle.dealPing:129] - 发送pong:1729837630561
2024-10-25 14:27:16.210 [DEBUG] [pool-2-thread-10] [com.huobi.wss.handle.WssNotificationHandle.dealPing:129] - 发送pong:1729837636263
2024-10-25 14:27:21.495 [DEBUG] [pool-2-thread-1] [com.huobi.wss.handle.WssNotificationHandle.dealPing:129] - 发送pong:1729837641554
2024-10-25 14:27:26.785 [DEBUG] [pool-2-thread-3] [com.huobi.wss.handle.WssNotificationHandle.dealPing:129] - 发送pong:1729837646839
2024-10-25 14:27:32.076 [DEBUG] [pool-2-thread-2] [com.huobi.wss.handle.WssNotificationHandle.dealPing:129] - 发送pong:1729837652129
2024-10-25 14:27:37.367 [DEBUG] [pool-2-thread-4] [com.huobi.wss.handle.WssNotificationHandle.dealPing:129] - 发送pong:1729837657420
2024-10-25 14:27:42.663 [DEBUG] [pool-2-thread-5] [com.huobi.wss.handle.WssNotificationHandle.dealPing:129] - 发送pong:1729837662712
2024-10-25 14:27:49.335 [DEBUG] [pool-2-thread-7] [com.huobi.wss.handle.WssNotificationHandle.dealPing:129] - 发送pong:1729837669391
2024-10-25 14:27:54.626 [DEBUG] [pool-2-thread-6] [com.huobi.wss.handle.WssNotificationHandle.dealPing:129] - 发送pong:1729837674678
2024-10-25 14:27:59.923 [DEBUG] [pool-2-thread-8] [com.huobi.wss.handle.WssNotificationHandle.dealPing:129] - 发送pong:1729837679968
2024-10-25 14:28:05.216 [DEBUG] [pool-2-thread-9] [com.huobi.wss.handle.WssNotificationHandle.dealPing:129] - 发送pong:1729837685266
2024-10-25 14:28:10.505 [DEBUG] [pool-2-thread-10] [com.huobi.wss.handle.WssNotificationHandle.dealPing:129] - 发送pong:1729837690559
2024-10-25 14:28:15.797 [DEBUG] [pool-2-thread-1] [com.huobi.wss.handle.WssNotificationHandle.dealPing:129] - 发送pong:1729837695848
2024-10-25 14:28:21.092 [DEBUG] [pool-2-thread-3] [com.huobi.wss.handle.WssNotificationHandle.dealPing:129] - 发送pong:1729837701143
2024-10-25 14:28:26.381 [DEBUG] [pool-2-thread-2] [com.huobi.wss.handle.WssNotificationHandle.dealPing:129] - 发送pong:1729837706435
2024-10-25 14:28:31.671 [DEBUG] [pool-2-thread-4] [com.huobi.wss.handle.WssNotificationHandle.dealPing:129] - 发送pong:1729837711724
2024-10-25 14:28:36.965 [DEBUG] [pool-2-thread-5] [com.huobi.wss.handle.WssNotificationHandle.dealPing:129] - 发送pong:1729837717025
2024-10-25 14:28:42.250 [DEBUG] [pool-2-thread-7] [com.huobi.wss.handle.WssNotificationHandle.dealPing:129] - 发送pong:1729837722313
2024-10-25 14:28:49.329 [DEBUG] [pool-2-thread-6] [com.huobi.wss.handle.WssNotificationHandle.dealPing:129] - 发送pong:1729837729398
2024-10-25 14:28:54.617 [DEBUG] [pool-2-thread-8] [com.huobi.wss.handle.WssNotificationHandle.dealPing:129] - 发送pong:1729837734688
2024-10-25 14:28:59.913 [DEBUG] [pool-2-thread-9] [com.huobi.wss.handle.WssNotificationHandle.dealPing:129] - 发送pong:1729837739978
2024-10-25 14:29:05.620 [DEBUG] [pool-2-thread-10] [com.huobi.wss.handle.WssNotificationHandle.dealPing:129] - 发送pong:1729837745274
2024-10-25 14:29:10.912 [DEBUG] [pool-2-thread-1] [com.huobi.wss.handle.WssNotificationHandle.dealPing:129] - 发送pong:1729837750983
2024-10-25 14:29:16.212 [DEBUG] [pool-2-thread-3] [com.huobi.wss.handle.WssNotificationHandle.dealPing:129] - 发送pong:1729837756275
2024-10-25 14:29:21.508 [DEBUG] [pool-2-thread-2] [com.huobi.wss.handle.WssNotificationHandle.dealPing:129] - 发送pong:1729837761576
2024-10-25 14:29:26.792 [DEBUG] [pool-2-thread-4] [com.huobi.wss.handle.WssNotificationHandle.dealPing:129] - 发送pong:1729837766872
2024-10-25 14:29:32.504 [DEBUG] [pool-2-thread-5] [com.huobi.wss.handle.WssNotificationHandle.dealPing:129] - 发送pong:1729837772159
2024-10-25 14:29:37.789 [DEBUG] [pool-2-thread-7] [com.huobi.wss.handle.WssNotificationHandle.dealPing:129] - 发送pong:1729837777869
2024-10-25 14:29:43.083 [DEBUG] [pool-2-thread-6] [com.huobi.wss.handle.WssNotificationHandle.dealPing:129] - 发送pong:1729837783158
2024-10-25 14:29:49.332 [DEBUG] [pool-2-thread-8] [com.huobi.wss.handle.WssNotificationHandle.dealPing:129] - 发送pong:1729837789408
2024-10-25 14:29:54.627 [DEBUG] [pool-2-thread-9] [com.huobi.wss.handle.WssNotificationHandle.dealPing:129] - 发送pong:1729837794699
2024-10-25 14:29:59.920 [DEBUG] [pool-2-thread-10] [com.huobi.wss.handle.WssNotificationHandle.dealPing:129] - 发送pong:1729837799993
2024-10-25 14:30:05.228 [DEBUG] [pool-2-thread-1] [com.huobi.wss.handle.WssNotificationHandle.dealPing:129] - 发送pong:1729837805304
2024-10-25 14:30:10.520 [DEBUG] [pool-2-thread-3] [com.huobi.wss.handle.WssNotificationHandle.dealPing:129] - 发送pong:1729837810592
2024-10-25 14:30:15.806 [DEBUG] [pool-2-thread-2] [com.huobi.wss.handle.WssNotificationHandle.dealPing:129] - 发送pong:1729837815884
2024-10-25 14:30:21.102 [DEBUG] [pool-2-thread-4] [com.huobi.wss.handle.WssNotificationHandle.dealPing:129] - 发送pong:1729837821176
2024-10-25 14:30:26.393 [DEBUG] [pool-2-thread-5] [com.huobi.wss.handle.WssNotificationHandle.dealPing:129] - 发送pong:1729837826468
2024-10-25 14:30:31.686 [DEBUG] [pool-2-thread-7] [com.huobi.wss.handle.WssNotificationHandle.dealPing:129] - 发送pong:1729837831761
2024-10-25 14:30:36.979 [DEBUG] [pool-2-thread-6] [com.huobi.wss.handle.WssNotificationHandle.dealPing:129] - 发送pong:1729837837055
2024-10-25 14:30:42.348 [DEBUG] [pool-2-thread-8] [com.huobi.wss.handle.WssNotificationHandle.dealPing:129] - 发送pong:1729837842424
2024-10-25 14:30:49.340 [DEBUG] [pool-2-thread-9] [com.huobi.wss.handle.WssNotificationHandle.dealPing:129] - 发送pong:1729837849412
2024-10-25 14:30:54.632 [DEBUG] [pool-2-thread-10] [com.huobi.wss.handle.WssNotificationHandle.dealPing:129] - 发送pong:1729837854705
2024-10-25 14:31:00.358 [DEBUG] [pool-2-thread-1] [com.huobi.wss.handle.WssNotificationHandle.dealPing:129] - 发送pong:1729837859999
2024-10-25 14:31:05.647 [DEBUG] [pool-2-thread-3] [com.huobi.wss.handle.WssNotificationHandle.dealPing:129] - 发送pong:1729837865720
2024-10-25 14:31:10.969 [DEBUG] [pool-2-thread-2] [com.huobi.wss.handle.WssNotificationHandle.dealPing:129] - 发送pong:1729837871013
2024-10-25 14:31:16.263 [DEBUG] [pool-2-thread-4] [com.huobi.wss.handle.WssNotificationHandle.dealPing:129] - 发送pong:1729837876334
2024-10-25 14:31:21.554 [DEBUG] [pool-2-thread-5] [com.huobi.wss.handle.WssNotificationHandle.dealPing:129] - 发送pong:1729837881626
2024-10-25 14:31:26.838 [DEBUG] [pool-2-thread-7] [com.huobi.wss.handle.WssNotificationHandle.dealPing:129] - 发送pong:1729837886923
2024-10-25 14:31:32.127 [DEBUG] [pool-2-thread-6] [com.huobi.wss.handle.WssNotificationHandle.dealPing:129] - 发送pong:1729837892202
2024-10-25 14:31:37.418 [DEBUG] [pool-2-thread-8] [com.huobi.wss.handle.WssNotificationHandle.dealPing:129] - 发送pong:1729837897492
2024-10-25 14:31:42.716 [DEBUG] [pool-2-thread-9] [com.huobi.wss.handle.WssNotificationHandle.dealPing:129] - 发送pong:1729837902790
2024-10-25 14:31:49.341 [DEBUG] [pool-2-thread-10] [com.huobi.wss.handle.WssNotificationHandle.dealPing:129] - 发送pong:1729837909415
2024-10-25 14:31:55.058 [DEBUG] [pool-2-thread-1] [com.huobi.wss.handle.WssNotificationHandle.dealPing:129] - 发送pong:1729837914707
2024-10-25 14:32:00.780 [DEBUG] [pool-2-thread-3] [com.huobi.wss.handle.WssNotificationHandle.dealPing:129] - 发送pong:1729837920421
2024-10-25 14:32:06.048 [DEBUG] [pool-2-thread-2] [com.huobi.wss.handle.WssNotificationHandle.dealPing:129] - 发送pong:1729837926143
2024-10-25 14:32:11.340 [DEBUG] [pool-2-thread-4] [com.huobi.wss.handle.WssNotificationHandle.dealPing:129] - 发送pong:1729837931410
2024-10-25 14:32:16.614 [DEBUG] [pool-2-thread-5] [com.huobi.wss.handle.WssNotificationHandle.dealPing:129] - 发送pong:1729837936703
2024-10-25 14:32:21.904 [DEBUG] [pool-2-thread-7] [com.huobi.wss.handle.WssNotificationHandle.dealPing:129] - 发送pong:1729837941977
2024-10-25 14:32:27.622 [DEBUG] [pool-2-thread-6] [com.huobi.wss.handle.WssNotificationHandle.dealPing:129] - 发送pong:1729837947266
2024-10-25 14:32:32.912 [DEBUG] [pool-2-thread-8] [com.huobi.wss.handle.WssNotificationHandle.dealPing:129] - 发送pong:1729837952985
2024-10-25 14:32:38.208 [DEBUG] [pool-2-thread-9] [com.huobi.wss.handle.WssNotificationHandle.dealPing:129] - 发送pong:1729837958281
2024-10-25 14:32:43.489 [DEBUG] [pool-2-thread-10] [com.huobi.wss.handle.WssNotificationHandle.dealPing:129] - 发送pong:1729837963570
2024-10-25 14:32:49.334 [DEBUG] [pool-2-thread-1] [com.huobi.wss.handle.WssNotificationHandle.dealPing:129] - 发送pong:1729837969412
2024-10-25 14:32:54.627 [DEBUG] [pool-2-thread-3] [com.huobi.wss.handle.WssNotificationHandle.dealPing:129] - 发送pong:1729837974700
2024-10-25 14:32:59.959 [DEBUG] [pool-2-thread-2] [com.huobi.wss.handle.WssNotificationHandle.dealPing:129] - 发送pong:1729837980033
2024-10-25 14:33:05.250 [DEBUG] [pool-2-thread-4] [com.huobi.wss.handle.WssNotificationHandle.dealPing:129] - 发送pong:1729837985321
2024-10-25 14:33:10.540 [DEBUG] [pool-2-thread-5] [com.huobi.wss.handle.WssNotificationHandle.dealPing:129] - 发送pong:1729837990613
2024-10-25 14:33:15.831 [DEBUG] [pool-2-thread-7] [com.huobi.wss.handle.WssNotificationHandle.dealPing:129] - 发送pong:1729837995903
2024-10-25 14:33:21.115 [DEBUG] [pool-2-thread-6] [com.huobi.wss.handle.WssNotificationHandle.dealPing:129] - 发送pong:1729838001195
2024-10-25 14:33:26.403 [DEBUG] [pool-2-thread-8] [com.huobi.wss.handle.WssNotificationHandle.dealPing:129] - 发送pong:1729838006479
2024-10-25 14:33:31.692 [DEBUG] [pool-2-thread-9] [com.huobi.wss.handle.WssNotificationHandle.dealPing:129] - 发送pong:1729838011764
2024-10-25 14:33:36.988 [DEBUG] [pool-2-thread-10] [com.huobi.wss.handle.WssNotificationHandle.dealPing:129] - 发送pong:1729838017060
2024-10-25 14:33:42.280 [DEBUG] [pool-2-thread-1] [com.huobi.wss.handle.WssNotificationHandle.dealPing:129] - 发送pong:1729838022348
2024-10-25 14:33:49.341 [DEBUG] [pool-2-thread-3] [com.huobi.wss.handle.WssNotificationHandle.dealPing:129] - 发送pong:1729838029410
2024-10-25 14:33:54.633 [DEBUG] [pool-2-thread-2] [com.huobi.wss.handle.WssNotificationHandle.dealPing:129] - 发送pong:1729838034702
2024-10-25 14:33:59.924 [DEBUG] [pool-2-thread-4] [com.huobi.wss.handle.WssNotificationHandle.dealPing:129] - 发送pong:1729838039994
2024-10-25 14:34:05.226 [DEBUG] [pool-2-thread-5] [com.huobi.wss.handle.WssNotificationHandle.dealPing:129] - 发送pong:1729838045297
2024-10-25 14:34:10.943 [DEBUG] [pool-2-thread-7] [com.huobi.wss.handle.WssNotificationHandle.dealPing:129] - 发送pong:1729838050587
2024-10-25 14:34:16.238 [DEBUG] [pool-2-thread-6] [com.huobi.wss.handle.WssNotificationHandle.dealPing:129] - 发送pong:1729838056305
2024-10-25 14:34:21.526 [DEBUG] [pool-2-thread-8] [com.huobi.wss.handle.WssNotificationHandle.dealPing:129] - 发送pong:1729838061598
2024-10-25 14:34:26.836 [DEBUG] [pool-2-thread-9] [com.huobi.wss.handle.WssNotificationHandle.dealPing:129] - 发送pong:1729838066907
2024-10-25 14:34:32.153 [DEBUG] [pool-2-thread-10] [com.huobi.wss.handle.WssNotificationHandle.dealPing:129] - 发送pong:1729838072203
2024-10-25 14:34:37.434 [DEBUG] [pool-2-thread-1] [com.huobi.wss.handle.WssNotificationHandle.dealPing:129] - 发送pong:1729838077513
2024-10-25 14:34:42.735 [DEBUG] [pool-2-thread-3] [com.huobi.wss.handle.WssNotificationHandle.dealPing:129] - 发送pong:1729838082805
2024-10-25 14:34:49.340 [DEBUG] [pool-2-thread-2] [com.huobi.wss.handle.WssNotificationHandle.dealPing:129] - 发送pong:1729838089408
2024-10-25 14:34:54.628 [DEBUG] [pool-2-thread-4] [com.huobi.wss.handle.WssNotificationHandle.dealPing:129] - 发送pong:1729838094703
2024-10-25 14:35:00.333 [DEBUG] [pool-2-thread-5] [com.huobi.wss.handle.WssNotificationHandle.dealPing:129] - 发送pong:1729838099991
2024-10-25 14:35:06.048 [DEBUG] [pool-2-thread-7] [com.huobi.wss.handle.WssNotificationHandle.dealPing:129] - 发送pong:1729838105693
2024-10-25 14:35:11.341 [DEBUG] [pool-2-thread-6] [com.huobi.wss.handle.WssNotificationHandle.dealPing:129] - 发送pong:1729838111408
2024-10-25 14:35:16.615 [DEBUG] [pool-2-thread-8] [com.huobi.wss.handle.WssNotificationHandle.dealPing:129] - 发送pong:1729838116701
2024-10-25 14:35:21.916 [DEBUG] [pool-2-thread-9] [com.huobi.wss.handle.WssNotificationHandle.dealPing:129] - 发送pong:1729838121983
2024-10-25 14:35:27.203 [DEBUG] [pool-2-thread-10] [com.huobi.wss.handle.WssNotificationHandle.dealPing:129] - 发送pong:1729838127275
2024-10-25 14:35:32.492 [DEBUG] [pool-2-thread-1] [com.huobi.wss.handle.WssNotificationHandle.dealPing:129] - 发送pong:1729838132561
2024-10-25 14:35:37.784 [DEBUG] [pool-2-thread-3] [com.huobi.wss.handle.WssNotificationHandle.dealPing:129] - 发送pong:1729838137853
2024-10-25 14:35:43.063 [DEBUG] [pool-2-thread-2] [com.huobi.wss.handle.WssNotificationHandle.dealPing:129] - 发送pong:1729838143143
2024-10-25 14:35:49.339 [DEBUG] [pool-2-thread-4] [com.huobi.wss.handle.WssNotificationHandle.dealPing:129] - 发送pong:1729838149409
2024-10-25 14:35:54.626 [DEBUG] [pool-2-thread-5] [com.huobi.wss.handle.WssNotificationHandle.dealPing:129] - 发送pong:1729838154700
2024-10-25 14:36:00.342 [DEBUG] [pool-2-thread-7] [com.huobi.wss.handle.WssNotificationHandle.dealPing:129] - 发送pong:1729838159990
2024-10-25 14:36:05.631 [DEBUG] [pool-2-thread-6] [com.huobi.wss.handle.WssNotificationHandle.dealPing:129] - 发送pong:1729838165700
2024-10-25 14:36:10.928 [DEBUG] [pool-2-thread-8] [com.huobi.wss.handle.WssNotificationHandle.dealPing:129] - 发送pong:1729838170996
2024-10-25 14:36:16.220 [DEBUG] [pool-2-thread-9] [com.huobi.wss.handle.WssNotificationHandle.dealPing:129] - 发送pong:1729838176290
2024-10-25 14:36:21.508 [DEBUG] [pool-2-thread-10] [com.huobi.wss.handle.WssNotificationHandle.dealPing:129] - 发送pong:1729838181578
2024-10-25 14:36:26.797 [DEBUG] [pool-2-thread-1] [com.huobi.wss.handle.WssNotificationHandle.dealPing:129] - 发送pong:1729838186866
2024-10-25 14:36:32.086 [DEBUG] [pool-2-thread-3] [com.huobi.wss.handle.WssNotificationHandle.dealPing:129] - 发送pong:1729838192155
2024-10-25 14:36:37.379 [DEBUG] [pool-2-thread-2] [com.huobi.wss.handle.WssNotificationHandle.dealPing:129] - 发送pong:1729838197445
2024-10-25 14:36:42.670 [DEBUG] [pool-2-thread-4] [com.huobi.wss.handle.WssNotificationHandle.dealPing:129] - 发送pong:1729838202737
2024-10-25 14:36:49.330 [DEBUG] [pool-2-thread-5] [com.huobi.wss.handle.WssNotificationHandle.dealPing:129] - 发送pong:1729838209406
2024-10-25 14:36:54.618 [DEBUG] [pool-2-thread-7] [com.huobi.wss.handle.WssNotificationHandle.dealPing:129] - 发送pong:1729838214688
2024-10-25 14:36:59.908 [DEBUG] [pool-2-thread-6] [com.huobi.wss.handle.WssNotificationHandle.dealPing:129] - 发送pong:1729838219976
2024-10-25 14:37:05.200 [DEBUG] [pool-2-thread-8] [com.huobi.wss.handle.WssNotificationHandle.dealPing:129] - 发送pong:1729838225266
2024-10-25 14:37:10.490 [DEBUG] [pool-2-thread-9] [com.huobi.wss.handle.WssNotificationHandle.dealPing:129] - 发送pong:1729838230558
2024-10-25 14:37:15.778 [DEBUG] [pool-2-thread-10] [com.huobi.wss.handle.WssNotificationHandle.dealPing:129] - 发送pong:1729838235846
2024-10-25 14:37:21.069 [DEBUG] [pool-2-thread-1] [com.huobi.wss.handle.WssNotificationHandle.dealPing:129] - 发送pong:1729838241136
2024-10-25 14:37:26.359 [DEBUG] [pool-2-thread-3] [com.huobi.wss.handle.WssNotificationHandle.dealPing:129] - 发送pong:1729838246427
2024-10-25 14:37:31.648 [DEBUG] [pool-2-thread-2] [com.huobi.wss.handle.WssNotificationHandle.dealPing:129] - 发送pong:1729838251716
2024-10-25 14:37:36.936 [DEBUG] [pool-2-thread-4] [com.huobi.wss.handle.WssNotificationHandle.dealPing:129] - 发送pong:1729838257005
2024-10-25 14:37:42.230 [DEBUG] [pool-2-thread-5] [com.huobi.wss.handle.WssNotificationHandle.dealPing:129] - 发送pong:1729838262293
2024-10-25 14:37:49.336 [DEBUG] [pool-2-thread-7] [com.huobi.wss.handle.WssNotificationHandle.dealPing:129] - 发送pong:1729838269404
2024-10-25 14:37:54.633 [DEBUG] [pool-2-thread-6] [com.huobi.wss.handle.WssNotificationHandle.dealPing:129] - 发送pong:1729838274701
2024-10-25 14:37:59.928 [DEBUG] [pool-2-thread-8] [com.huobi.wss.handle.WssNotificationHandle.dealPing:129] - 发送pong:1729838279989
2024-10-25 14:38:05.650 [DEBUG] [pool-2-thread-9] [com.huobi.wss.handle.WssNotificationHandle.dealPing:129] - 发送pong:1729838285286
2024-10-25 14:38:10.939 [DEBUG] [pool-2-thread-10] [com.huobi.wss.handle.WssNotificationHandle.dealPing:129] - 发送pong:1729838291007
2024-10-25 14:38:16.233 [DEBUG] [pool-2-thread-1] [com.huobi.wss.handle.WssNotificationHandle.dealPing:129] - 发送pong:1729838296297
2024-10-25 14:38:21.528 [DEBUG] [pool-2-thread-3] [com.huobi.wss.handle.WssNotificationHandle.dealPing:129] - 发送pong:1729838301594
2024-10-25 14:38:26.832 [DEBUG] [pool-2-thread-2] [com.huobi.wss.handle.WssNotificationHandle.dealPing:129] - 发送pong:1729838306898
2024-10-25 14:38:32.123 [DEBUG] [pool-2-thread-4] [com.huobi.wss.handle.WssNotificationHandle.dealPing:129] - 发送pong:1729838312189
2024-10-25 14:38:37.414 [DEBUG] [pool-2-thread-5] [com.huobi.wss.handle.WssNotificationHandle.dealPing:129] - 发送pong:1729838317479
2024-10-25 14:38:42.707 [DEBUG] [pool-2-thread-7] [com.huobi.wss.handle.WssNotificationHandle.dealPing:129] - 发送pong:1729838322771
2024-10-25 14:38:49.331 [DEBUG] [pool-2-thread-6] [com.huobi.wss.handle.WssNotificationHandle.dealPing:129] - 发送pong:1729838329402
2024-10-25 14:38:54.620 [DEBUG] [pool-2-thread-8] [com.huobi.wss.handle.WssNotificationHandle.dealPing:129] - 发送pong:1729838334688
2024-10-25 14:38:59.925 [DEBUG] [pool-2-thread-9] [com.huobi.wss.handle.WssNotificationHandle.dealPing:129] - 发送pong:1729838339990
2024-10-25 14:39:05.215 [DEBUG] [pool-2-thread-10] [com.huobi.wss.handle.WssNotificationHandle.dealPing:129] - 发送pong:1729838345280
2024-10-25 14:39:10.509 [DEBUG] [pool-2-thread-1] [com.huobi.wss.handle.WssNotificationHandle.dealPing:129] - 发送pong:1729838350572
2024-10-25 14:39:15.774 [DEBUG] [pool-2-thread-3] [com.huobi.wss.handle.WssNotificationHandle.dealPing:129] - 发送pong:1729838355865
2024-10-25 14:39:21.067 [DEBUG] [pool-2-thread-2] [com.huobi.wss.handle.WssNotificationHandle.dealPing:129] - 发送pong:1729838361134
2024-10-25 14:39:26.359 [DEBUG] [pool-2-thread-4] [com.huobi.wss.handle.WssNotificationHandle.dealPing:129] - 发送pong:1729838366423
2024-10-25 14:39:31.661 [DEBUG] [pool-2-thread-5] [com.huobi.wss.handle.WssNotificationHandle.dealPing:129] - 发送pong:1729838371723
2024-10-25 14:39:36.951 [DEBUG] [pool-2-thread-7] [com.huobi.wss.handle.WssNotificationHandle.dealPing:129] - 发送pong:1729838377021
2024-10-25 14:39:42.238 [DEBUG] [pool-2-thread-6] [com.huobi.wss.handle.WssNotificationHandle.dealPing:129] - 发送pong:1729838382307
2024-10-25 14:39:49.345 [DEBUG] [pool-2-thread-8] [com.huobi.wss.handle.WssNotificationHandle.dealPing:129] - 发送pong:1729838389410
2024-10-25 14:39:54.638 [DEBUG] [pool-2-thread-9] [com.huobi.wss.handle.WssNotificationHandle.dealPing:129] - 发送pong:1729838394704
2024-10-25 14:39:59.931 [DEBUG] [pool-2-thread-10] [com.huobi.wss.handle.WssNotificationHandle.dealPing:129] - 发送pong:1729838399997
2024-10-25 14:40:05.212 [DEBUG] [pool-2-thread-1] [com.huobi.wss.handle.WssNotificationHandle.dealPing:129] - 发送pong:1729838405287
2024-10-25 14:40:10.502 [DEBUG] [pool-2-thread-3] [com.huobi.wss.handle.WssNotificationHandle.dealPing:129] - 发送pong:1729838410567
2024-10-25 14:40:15.796 [DEBUG] [pool-2-thread-2] [com.huobi.wss.handle.WssNotificationHandle.dealPing:129] - 发送pong:1729838415859
2024-10-25 14:40:21.088 [DEBUG] [pool-2-thread-4] [com.huobi.wss.handle.WssNotificationHandle.dealPing:129] - 发送pong:1729838421152
2024-10-25 14:40:26.380 [DEBUG] [pool-2-thread-5] [com.huobi.wss.handle.WssNotificationHandle.dealPing:129] - 发送pong:1729838426445
2024-10-25 14:40:31.673 [DEBUG] [pool-2-thread-7] [com.huobi.wss.handle.WssNotificationHandle.dealPing:129] - 发送pong:1729838431737
2024-10-25 14:40:36.975 [DEBUG] [pool-2-thread-6] [com.huobi.wss.handle.WssNotificationHandle.dealPing:129] - 发送pong:1729838437029
2024-10-25 14:40:42.265 [DEBUG] [pool-2-thread-8] [com.huobi.wss.handle.WssNotificationHandle.dealPing:129] - 发送pong:1729838442329
2024-10-25 14:40:49.347 [DEBUG] [pool-2-thread-9] [com.huobi.wss.handle.WssNotificationHandle.dealPing:129] - 发送pong:1729838449411
2024-10-25 14:40:54.639 [DEBUG] [pool-2-thread-10] [com.huobi.wss.handle.WssNotificationHandle.dealPing:129] - 发送pong:1729838454701
2024-10-25 14:40:59.930 [DEBUG] [pool-2-thread-1] [com.huobi.wss.handle.WssNotificationHandle.dealPing:129] - 发送pong:1729838459993
2024-10-25 14:41:05.226 [DEBUG] [pool-2-thread-3] [com.huobi.wss.handle.WssNotificationHandle.dealPing:129] - 发送pong:1729838465285
2024-10-25 14:41:10.520 [DEBUG] [pool-2-thread-2] [com.huobi.wss.handle.WssNotificationHandle.dealPing:129] - 发送pong:1729838470584
2024-10-25 14:41:15.808 [DEBUG] [pool-2-thread-4] [com.huobi.wss.handle.WssNotificationHandle.dealPing:129] - 发送pong:1729838475878
2024-10-25 14:41:21.099 [DEBUG] [pool-2-thread-5] [com.huobi.wss.handle.WssNotificationHandle.dealPing:129] - 发送pong:1729838481162
2024-10-25 14:41:26.396 [DEBUG] [pool-2-thread-7] [com.huobi.wss.handle.WssNotificationHandle.dealPing:129] - 发送pong:1729838486461
2024-10-25 14:41:31.687 [DEBUG] [pool-2-thread-6] [com.huobi.wss.handle.WssNotificationHandle.dealPing:129] - 发送pong:1729838491750
2024-10-25 14:41:36.982 [DEBUG] [pool-2-thread-8] [com.huobi.wss.handle.WssNotificationHandle.dealPing:129] - 发送pong:1729838497040
2024-10-25 14:41:42.273 [DEBUG] [pool-2-thread-9] [com.huobi.wss.handle.WssNotificationHandle.dealPing:129] - 发送pong:1729838502337
2024-10-25 14:41:49.341 [DEBUG] [pool-2-thread-10] [com.huobi.wss.handle.WssNotificationHandle.dealPing:129] - 发送pong:1729838509402
2024-10-25 14:41:54.629 [DEBUG] [pool-2-thread-1] [com.huobi.wss.handle.WssNotificationHandle.dealPing:129] - 发送pong:1729838514694
2024-10-25 14:41:59.919 [DEBUG] [pool-2-thread-3] [com.huobi.wss.handle.WssNotificationHandle.dealPing:129] - 发送pong:1729838519982
2024-10-25 14:42:05.209 [DEBUG] [pool-2-thread-2] [com.huobi.wss.handle.WssNotificationHandle.dealPing:129] - 发送pong:1729838525272
2024-10-25 14:42:10.508 [DEBUG] [pool-2-thread-4] [com.huobi.wss.handle.WssNotificationHandle.dealPing:129] - 发送pong:1729838530562
2024-10-25 14:42:15.802 [DEBUG] [pool-2-thread-5] [com.huobi.wss.handle.WssNotificationHandle.dealPing:129] - 发送pong:1729838535865
2024-10-25 14:42:21.091 [DEBUG] [pool-2-thread-7] [com.huobi.wss.handle.WssNotificationHandle.dealPing:129] - 发送pong:1729838541155
2024-10-25 14:42:26.385 [DEBUG] [pool-2-thread-6] [com.huobi.wss.handle.WssNotificationHandle.dealPing:129] - 发送pong:1729838546445
2024-10-25 14:42:31.660 [DEBUG] [pool-2-thread-8] [com.huobi.wss.handle.WssNotificationHandle.dealPing:129] - 发送pong:1729838551738
2024-10-25 14:42:36.964 [DEBUG] [pool-2-thread-9] [com.huobi.wss.handle.WssNotificationHandle.dealPing:129] - 发送pong:1729838557014
2024-10-25 14:42:42.244 [DEBUG] [pool-2-thread-10] [com.huobi.wss.handle.WssNotificationHandle.dealPing:129] - 发送pong:1729838562317
2024-10-25 14:42:49.338 [DEBUG] [pool-2-thread-1] [com.huobi.wss.handle.WssNotificationHandle.dealPing:129] - 发送pong:1729838569399
2024-10-25 14:42:54.632 [DEBUG] [pool-2-thread-3] [com.huobi.wss.handle.WssNotificationHandle.dealPing:129] - 发送pong:1729838574694
2024-10-25 14:42:59.924 [DEBUG] [pool-2-thread-2] [com.huobi.wss.handle.WssNotificationHandle.dealPing:129] - 发送pong:1729838579985
2024-10-25 14:43:05.216 [DEBUG] [pool-2-thread-4] [com.huobi.wss.handle.WssNotificationHandle.dealPing:129] - 发送pong:1729838585279
2024-10-25 14:43:10.509 [DEBUG] [pool-2-thread-5] [com.huobi.wss.handle.WssNotificationHandle.dealPing:129] - 发送pong:1729838590570
2024-10-25 14:43:16.254 [DEBUG] [pool-2-thread-7] [com.huobi.wss.handle.WssNotificationHandle.dealPing:129] - 发送pong:1729838595890
2024-10-25 14:43:21.545 [DEBUG] [pool-2-thread-6] [com.huobi.wss.handle.WssNotificationHandle.dealPing:129] - 发送pong:1729838601605
2024-10-25 14:43:26.845 [DEBUG] [pool-2-thread-8] [com.huobi.wss.handle.WssNotificationHandle.dealPing:129] - 发送pong:1729838606897
2024-10-25 14:43:32.141 [DEBUG] [pool-2-thread-9] [com.huobi.wss.handle.WssNotificationHandle.dealPing:129] - 发送pong:1729838612198
2024-10-25 14:43:37.437 [DEBUG] [pool-2-thread-10] [com.huobi.wss.handle.WssNotificationHandle.dealPing:129] - 发送pong:1729838617499
2024-10-25 14:43:42.711 [DEBUG] [pool-2-thread-1] [com.huobi.wss.handle.WssNotificationHandle.dealPing:129] - 发送pong:1729838622788
2024-10-25 14:43:49.337 [DEBUG] [pool-2-thread-3] [com.huobi.wss.handle.WssNotificationHandle.dealPing:129] - 发送pong:1729838629399
2024-10-25 14:43:54.625 [DEBUG] [pool-2-thread-2] [com.huobi.wss.handle.WssNotificationHandle.dealPing:129] - 发送pong:1729838634688
2024-10-25 14:43:59.923 [DEBUG] [pool-2-thread-4] [com.huobi.wss.handle.WssNotificationHandle.dealPing:129] - 发送pong:1729838639982
2024-10-25 14:44:05.214 [DEBUG] [pool-2-thread-5] [com.huobi.wss.handle.WssNotificationHandle.dealPing:129] - 发送pong:1729838645275
2024-10-25 14:44:10.927 [DEBUG] [pool-2-thread-7] [com.huobi.wss.handle.WssNotificationHandle.dealPing:129] - 发送pong:1729838650564
2024-10-25 14:44:16.205 [DEBUG] [pool-2-thread-6] [com.huobi.wss.handle.WssNotificationHandle.dealPing:129] - 发送pong:1729838656277
2024-10-25 14:44:21.494 [DEBUG] [pool-2-thread-8] [com.huobi.wss.handle.WssNotificationHandle.dealPing:129] - 发送pong:1729838661561
2024-10-25 14:44:26.780 [DEBUG] [pool-2-thread-9] [com.huobi.wss.handle.WssNotificationHandle.dealPing:129] - 发送pong:1729838666853
2024-10-25 14:44:32.067 [DEBUG] [pool-2-thread-10] [com.huobi.wss.handle.WssNotificationHandle.dealPing:129] - 发送pong:1729838672143
2024-10-25 14:44:37.355 [DEBUG] [pool-2-thread-1] [com.huobi.wss.handle.WssNotificationHandle.dealPing:129] - 发送pong:1729838677431
2024-10-25 14:44:42.634 [DEBUG] [pool-2-thread-3] [com.huobi.wss.handle.WssNotificationHandle.dealPing:129] - 发送pong:1729838682720
2024-10-25 14:44:49.749 [DEBUG] [pool-2-thread-2] [com.huobi.wss.handle.WssNotificationHandle.dealPing:129] - 发送pong:1729838689414
2024-10-25 14:44:55.037 [DEBUG] [pool-2-thread-4] [com.huobi.wss.handle.WssNotificationHandle.dealPing:129] - 发送pong:1729838695117
2024-10-25 14:45:00.324 [DEBUG] [pool-2-thread-5] [com.huobi.wss.handle.WssNotificationHandle.dealPing:129] - 发送pong:1729838700407
2024-10-25 14:45:05.614 [DEBUG] [pool-2-thread-7] [com.huobi.wss.handle.WssNotificationHandle.dealPing:129] - 发送pong:1729838705694
2024-10-25 14:45:10.901 [DEBUG] [pool-2-thread-6] [com.huobi.wss.handle.WssNotificationHandle.dealPing:129] - 发送pong:1729838710984
2024-10-25 14:45:16.188 [DEBUG] [pool-2-thread-8] [com.huobi.wss.handle.WssNotificationHandle.dealPing:129] - 发送pong:1729838716270
2024-10-25 14:45:21.475 [DEBUG] [pool-2-thread-9] [com.huobi.wss.handle.WssNotificationHandle.dealPing:129] - 发送pong:1729838721558
2024-10-25 14:45:26.766 [DEBUG] [pool-2-thread-10] [com.huobi.wss.handle.WssNotificationHandle.dealPing:129] - 发送pong:1729838726846
2024-10-25 14:45:32.057 [DEBUG] [pool-2-thread-1] [com.huobi.wss.handle.WssNotificationHandle.dealPing:129] - 发送pong:1729838732139
2024-10-25 14:45:37.347 [DEBUG] [pool-2-thread-3] [com.huobi.wss.handle.WssNotificationHandle.dealPing:129] - 发送pong:1729838737427
2024-10-25 14:45:42.644 [DEBUG] [pool-2-thread-2] [com.huobi.wss.handle.WssNotificationHandle.dealPing:129] - 发送pong:1729838742722
2024-10-25 14:45:49.334 [DEBUG] [pool-2-thread-4] [com.huobi.wss.handle.WssNotificationHandle.dealPing:129] - 发送pong:1729838749414
2024-10-25 14:45:54.632 [DEBUG] [pool-2-thread-5] [com.huobi.wss.handle.WssNotificationHandle.dealPing:129] - 发送pong:1729838754708
2024-10-25 14:45:59.923 [DEBUG] [pool-2-thread-7] [com.huobi.wss.handle.WssNotificationHandle.dealPing:129] - 发送pong:1729838760001
2024-10-25 14:46:05.214 [DEBUG] [pool-2-thread-6] [com.huobi.wss.handle.WssNotificationHandle.dealPing:129] - 发送pong:1729838765292
2024-10-25 14:46:10.507 [DEBUG] [pool-2-thread-8] [com.huobi.wss.handle.WssNotificationHandle.dealPing:129] - 发送pong:1729838770586
2024-10-25 14:46:15.798 [DEBUG] [pool-2-thread-9] [com.huobi.wss.handle.WssNotificationHandle.dealPing:129] - 发送pong:1729838775875
2024-10-25 14:46:21.089 [DEBUG] [pool-2-thread-10] [com.huobi.wss.handle.WssNotificationHandle.dealPing:129] - 发送pong:1729838781170
2024-10-25 14:46:26.382 [DEBUG] [pool-2-thread-1] [com.huobi.wss.handle.WssNotificationHandle.dealPing:129] - 发送pong:1729838786460
2024-10-25 14:46:31.675 [DEBUG] [pool-2-thread-3] [com.huobi.wss.handle.WssNotificationHandle.dealPing:129] - 发送pong:1729838791754
2024-10-25 14:46:36.967 [DEBUG] [pool-2-thread-2] [com.huobi.wss.handle.WssNotificationHandle.dealPing:129] - 发送pong:1729838797045
2024-10-25 14:46:42.258 [DEBUG] [pool-2-thread-4] [com.huobi.wss.handle.WssNotificationHandle.dealPing:129] - 发送pong:1729838802336
2024-10-25 14:46:49.764 [DEBUG] [pool-2-thread-5] [com.huobi.wss.handle.WssNotificationHandle.dealPing:129] - 发送pong:1729838809417
2024-10-25 14:46:55.059 [DEBUG] [pool-2-thread-7] [com.huobi.wss.handle.WssNotificationHandle.dealPing:129] - 发送pong:1729838815133
2024-10-25 14:47:00.348 [DEBUG] [pool-2-thread-6] [com.huobi.wss.handle.WssNotificationHandle.dealPing:129] - 发送pong:1729838820427
2024-10-25 14:47:05.638 [DEBUG] [pool-2-thread-8] [com.huobi.wss.handle.WssNotificationHandle.dealPing:129] - 发送pong:1729838825716
2024-10-25 14:47:10.933 [DEBUG] [pool-2-thread-9] [com.huobi.wss.handle.WssNotificationHandle.dealPing:129] - 发送pong:1729838831007
2024-10-25 14:47:16.206 [DEBUG] [pool-2-thread-10] [com.huobi.wss.handle.WssNotificationHandle.dealPing:129] - 发送pong:1729838836301
2024-10-25 14:47:21.919 [DEBUG] [pool-2-thread-1] [com.huobi.wss.handle.WssNotificationHandle.dealPing:129] - 发送pong:1729838841574
2024-10-25 14:47:27.210 [DEBUG] [pool-2-thread-3] [com.huobi.wss.handle.WssNotificationHandle.dealPing:129] - 发送pong:1729838847288
2024-10-25 14:47:32.502 [DEBUG] [pool-2-thread-2] [com.huobi.wss.handle.WssNotificationHandle.dealPing:129] - 发送pong:1729838852577
2024-10-25 14:47:37.794 [DEBUG] [pool-2-thread-4] [com.huobi.wss.handle.WssNotificationHandle.dealPing:129] - 发送pong:1729838857871
2024-10-25 14:47:43.088 [DEBUG] [pool-2-thread-5] [com.huobi.wss.handle.WssNotificationHandle.dealPing:129] - 发送pong:1729838863163
2024-10-25 14:47:49.338 [DEBUG] [pool-2-thread-7] [com.huobi.wss.handle.WssNotificationHandle.dealPing:129] - 发送pong:1729838869416
2024-10-25 14:47:54.639 [DEBUG] [pool-2-thread-6] [com.huobi.wss.handle.WssNotificationHandle.dealPing:129] - 发送pong:1729838874707
2024-10-25 14:47:59.929 [DEBUG] [pool-2-thread-8] [com.huobi.wss.handle.WssNotificationHandle.dealPing:129] - 发送pong:1729838880006
2024-10-25 14:48:05.223 [DEBUG] [pool-2-thread-9] [com.huobi.wss.handle.WssNotificationHandle.dealPing:129] - 发送pong:1729838885297
2024-10-25 14:48:10.493 [DEBUG] [pool-2-thread-10] [com.huobi.wss.handle.WssNotificationHandle.dealPing:129] - 发送pong:1729838890590
2024-10-25 14:48:16.205 [DEBUG] [pool-2-thread-1] [com.huobi.wss.handle.WssNotificationHandle.dealPing:129] - 发送pong:1729838895860
2024-10-25 14:48:21.504 [DEBUG] [pool-2-thread-3] [com.huobi.wss.handle.WssNotificationHandle.dealPing:129] - 发送pong:1729838901573
2024-10-25 14:48:26.793 [DEBUG] [pool-2-thread-2] [com.huobi.wss.handle.WssNotificationHandle.dealPing:129] - 发送pong:1729838906871
2024-10-25 14:48:32.085 [DEBUG] [pool-2-thread-4] [com.huobi.wss.handle.WssNotificationHandle.dealPing:129] - 发送pong:1729838912168
2024-10-25 14:48:37.380 [DEBUG] [pool-2-thread-5] [com.huobi.wss.handle.WssNotificationHandle.dealPing:129] - 发送pong:1729838917454
2024-10-25 14:48:42.665 [DEBUG] [pool-2-thread-7] [com.huobi.wss.handle.WssNotificationHandle.dealPing:129] - 发送pong:1729838922749
2024-10-25 14:48:49.344 [DEBUG] [pool-2-thread-6] [com.huobi.wss.handle.WssNotificationHandle.dealPing:129] - 发送pong:1729838929421
2024-10-25 14:48:54.637 [DEBUG] [pool-2-thread-8] [com.huobi.wss.handle.WssNotificationHandle.dealPing:129] - 发送pong:1729838934710
2024-10-25 14:48:59.923 [DEBUG] [pool-2-thread-9] [com.huobi.wss.handle.WssNotificationHandle.dealPing:129] - 发送pong:1729838940004
2024-10-25 14:49:05.215 [DEBUG] [pool-2-thread-10] [com.huobi.wss.handle.WssNotificationHandle.dealPing:129] - 发送pong:1729838945289
2024-10-25 14:49:10.507 [DEBUG] [pool-2-thread-1] [com.huobi.wss.handle.WssNotificationHandle.dealPing:129] - 发送pong:1729838950581
2024-10-25 14:49:16.214 [DEBUG] [pool-2-thread-3] [com.huobi.wss.handle.WssNotificationHandle.dealPing:129] - 发送pong:1729838955874
2024-10-25 14:49:21.505 [DEBUG] [pool-2-thread-2] [com.huobi.wss.handle.WssNotificationHandle.dealPing:129] - 发送pong:1729838961581
2024-10-25 14:49:26.797 [DEBUG] [pool-2-thread-4] [com.huobi.wss.handle.WssNotificationHandle.dealPing:129] - 发送pong:1729838966872
2024-10-25 14:49:32.101 [DEBUG] [pool-2-thread-5] [com.huobi.wss.handle.WssNotificationHandle.dealPing:129] - 发送pong:1729838972171
2024-10-25 14:49:37.391 [DEBUG] [pool-2-thread-7] [com.huobi.wss.handle.WssNotificationHandle.dealPing:129] - 发送pong:1729838977467
2024-10-25 14:49:42.690 [DEBUG] [pool-2-thread-6] [com.huobi.wss.handle.WssNotificationHandle.dealPing:129] - 发送pong:1729838982756
2024-10-25 14:49:49.342 [DEBUG] [pool-2-thread-8] [com.huobi.wss.handle.WssNotificationHandle.dealPing:129] - 发送pong:1729838989413
2024-10-25 14:49:54.634 [DEBUG] [pool-2-thread-9] [com.huobi.wss.handle.WssNotificationHandle.dealPing:129] - 发送pong:1729838994708
2024-10-25 14:49:59.916 [DEBUG] [pool-2-thread-10] [com.huobi.wss.handle.WssNotificationHandle.dealPing:129] - 发送pong:1729838999999
2024-10-25 14:50:05.214 [DEBUG] [pool-2-thread-1] [com.huobi.wss.handle.WssNotificationHandle.dealPing:129] - 发送pong:1729839005287
2024-10-25 14:50:10.484 [DEBUG] [pool-2-thread-3] [com.huobi.wss.handle.WssNotificationHandle.dealPing:129] - 发送pong:1729839010579
2024-10-25 14:50:15.777 [DEBUG] [pool-2-thread-2] [com.huobi.wss.handle.WssNotificationHandle.dealPing:129] - 发送pong:1729839015852
2024-10-25 14:50:21.070 [DEBUG] [pool-2-thread-4] [com.huobi.wss.handle.WssNotificationHandle.dealPing:129] - 发送pong:1729839021143
2024-10-25 14:50:26.361 [DEBUG] [pool-2-thread-5] [com.huobi.wss.handle.WssNotificationHandle.dealPing:129] - 发送pong:1729839026434
2024-10-25 14:50:31.655 [DEBUG] [pool-2-thread-7] [com.huobi.wss.handle.WssNotificationHandle.dealPing:129] - 发送pong:1729839031731
2024-10-25 14:50:36.943 [DEBUG] [pool-2-thread-6] [com.huobi.wss.handle.WssNotificationHandle.dealPing:129] - 发送pong:1729839037019
2024-10-25 14:50:42.236 [DEBUG] [pool-2-thread-8] [com.huobi.wss.handle.WssNotificationHandle.dealPing:129] - 发送pong:1729839042309
2024-10-25 14:50:49.760 [DEBUG] [pool-2-thread-9] [com.huobi.wss.handle.WssNotificationHandle.dealPing:129] - 发送pong:1729839049410
2024-10-25 14:50:55.049 [DEBUG] [pool-2-thread-10] [com.huobi.wss.handle.WssNotificationHandle.dealPing:129] - 发送pong:1729839055125
2024-10-25 14:51:00.339 [DEBUG] [pool-2-thread-1] [com.huobi.wss.handle.WssNotificationHandle.dealPing:129] - 发送pong:1729839060413
2024-10-25 14:51:05.654 [DEBUG] [pool-2-thread-3] [com.huobi.wss.handle.WssNotificationHandle.dealPing:129] - 发送pong:1729839065725
2024-10-25 14:51:10.946 [DEBUG] [pool-2-thread-2] [com.huobi.wss.handle.WssNotificationHandle.dealPing:129] - 发送pong:1729839071022
2024-10-25 14:51:16.236 [DEBUG] [pool-2-thread-4] [com.huobi.wss.handle.WssNotificationHandle.dealPing:129] - 发送pong:1729839076311
2024-10-25 14:51:21.530 [DEBUG] [pool-2-thread-5] [com.huobi.wss.handle.WssNotificationHandle.dealPing:129] - 发送pong:1729839081601
2024-10-25 14:51:26.819 [DEBUG] [pool-2-thread-7] [com.huobi.wss.handle.WssNotificationHandle.dealPing:129] - 发送pong:1729839086894
2024-10-25 14:51:32.114 [DEBUG] [pool-2-thread-6] [com.huobi.wss.handle.WssNotificationHandle.dealPing:129] - 发送pong:1729839092184
2024-10-25 14:51:37.406 [DEBUG] [pool-2-thread-8] [com.huobi.wss.handle.WssNotificationHandle.dealPing:129] - 发送pong:1729839097480
2024-10-25 14:51:42.708 [DEBUG] [pool-2-thread-9] [com.huobi.wss.handle.WssNotificationHandle.dealPing:129] - 发送pong:1729839102781
2024-10-25 14:51:49.338 [DEBUG] [pool-2-thread-10] [com.huobi.wss.handle.WssNotificationHandle.dealPing:129] - 发送pong:1729839109412
2024-10-25 14:51:54.631 [DEBUG] [pool-2-thread-1] [com.huobi.wss.handle.WssNotificationHandle.dealPing:129] - 发送pong:1729839114703
2024-10-25 14:52:00.768 [DEBUG] [pool-2-thread-3] [com.huobi.wss.handle.WssNotificationHandle.dealPing:129] - 发送pong:1729839119997
2024-10-25 14:52:06.074 [DEBUG] [pool-2-thread-2] [com.huobi.wss.handle.WssNotificationHandle.dealPing:129] - 发送pong:1729839126132
2024-10-25 14:52:11.354 [DEBUG] [pool-2-thread-4] [com.huobi.wss.handle.WssNotificationHandle.dealPing:129] - 发送pong:1729839131441
2024-10-25 14:52:16.639 [DEBUG] [pool-2-thread-5] [com.huobi.wss.handle.WssNotificationHandle.dealPing:129] - 发送pong:1729839136718
2024-10-25 14:52:21.930 [DEBUG] [pool-2-thread-7] [com.huobi.wss.handle.WssNotificationHandle.dealPing:129] - 发送pong:1729839142003
2024-10-25 14:52:27.220 [DEBUG] [pool-2-thread-6] [com.huobi.wss.handle.WssNotificationHandle.dealPing:129] - 发送pong:1729839147293
2024-10-25 14:52:32.512 [DEBUG] [pool-2-thread-8] [com.huobi.wss.handle.WssNotificationHandle.dealPing:129] - 发送pong:1729839152583
2024-10-25 14:52:37.802 [DEBUG] [pool-2-thread-9] [com.huobi.wss.handle.WssNotificationHandle.dealPing:129] - 发送pong:1729839157874
2024-10-25 14:52:43.085 [DEBUG] [pool-2-thread-10] [com.huobi.wss.handle.WssNotificationHandle.dealPing:129] - 发送pong:1729839163167
2024-10-25 14:52:49.337 [DEBUG] [pool-2-thread-1] [com.huobi.wss.handle.WssNotificationHandle.dealPing:129] - 发送pong:1729839169410
2024-10-25 14:52:54.627 [DEBUG] [pool-2-thread-3] [com.huobi.wss.handle.WssNotificationHandle.dealPing:129] - 发送pong:1729839174700
2024-10-25 14:52:59.906 [DEBUG] [pool-2-thread-2] [com.huobi.wss.handle.WssNotificationHandle.dealPing:129] - 发送pong:1729839179989
2024-10-25 14:53:05.199 [DEBUG] [pool-2-thread-4] [com.huobi.wss.handle.WssNotificationHandle.dealPing:129] - 发送pong:1729839185271
2024-10-25 14:53:10.482 [DEBUG] [pool-2-thread-5] [com.huobi.wss.handle.WssNotificationHandle.dealPing:129] - 发送pong:1729839190569
2024-10-25 14:53:15.771 [DEBUG] [pool-2-thread-7] [com.huobi.wss.handle.WssNotificationHandle.dealPing:129] - 发送pong:1729839195844
2024-10-25 14:53:21.052 [DEBUG] [pool-2-thread-6] [com.huobi.wss.handle.WssNotificationHandle.dealPing:129] - 发送pong:1729839201134
2024-10-25 14:53:26.341 [DEBUG] [pool-2-thread-8] [com.huobi.wss.handle.WssNotificationHandle.dealPing:129] - 发送pong:1729839206414
2024-10-25 14:53:31.633 [DEBUG] [pool-2-thread-9] [com.huobi.wss.handle.WssNotificationHandle.dealPing:129] - 发送pong:1729839211706
2024-10-25 14:53:37.347 [DEBUG] [pool-2-thread-10] [com.huobi.wss.handle.WssNotificationHandle.dealPing:129] - 发送pong:1729839216996
2024-10-25 14:53:43.061 [DEBUG] [pool-2-thread-1] [com.huobi.wss.handle.WssNotificationHandle.dealPing:129] - 发送pong:1729839222709
2024-10-25 14:53:49.763 [DEBUG] [pool-2-thread-3] [com.huobi.wss.handle.WssNotificationHandle.dealPing:129] - 发送pong:1729839229411
2024-10-25 14:53:55.059 [DEBUG] [pool-2-thread-2] [com.huobi.wss.handle.WssNotificationHandle.dealPing:129] - 发送pong:1729839235130
2024-10-25 14:54:00.351 [DEBUG] [pool-2-thread-4] [com.huobi.wss.handle.WssNotificationHandle.dealPing:129] - 发送pong:1729839240423
2024-10-25 14:54:05.644 [DEBUG] [pool-2-thread-5] [com.huobi.wss.handle.WssNotificationHandle.dealPing:129] - 发送pong:1729839245716
2024-10-25 14:54:10.936 [DEBUG] [pool-2-thread-7] [com.huobi.wss.handle.WssNotificationHandle.dealPing:129] - 发送pong:1729839251008
2024-10-25 14:54:16.228 [DEBUG] [pool-2-thread-6] [com.huobi.wss.handle.WssNotificationHandle.dealPing:129] - 发送pong:1729839256301
2024-10-25 14:54:21.947 [DEBUG] [pool-2-thread-8] [com.huobi.wss.handle.WssNotificationHandle.dealPing:129] - 发送pong:1729839261591
2024-10-25 14:54:27.242 [DEBUG] [pool-2-thread-9] [com.huobi.wss.handle.WssNotificationHandle.dealPing:129] - 发送pong:1729839267313
2024-10-25 14:54:32.535 [DEBUG] [pool-2-thread-10] [com.huobi.wss.handle.WssNotificationHandle.dealPing:129] - 发送pong:1729839272603
2024-10-25 14:54:37.825 [DEBUG] [pool-2-thread-1] [com.huobi.wss.handle.WssNotificationHandle.dealPing:129] - 发送pong:1729839277897
2024-10-25 14:54:43.117 [DEBUG] [pool-2-thread-3] [com.huobi.wss.handle.WssNotificationHandle.dealPing:129] - 发送pong:1729839283187
2024-10-25 14:54:49.337 [DEBUG] [pool-2-thread-2] [com.huobi.wss.handle.WssNotificationHandle.dealPing:129] - 发送pong:1729839289410
2024-10-25 14:54:54.636 [DEBUG] [pool-2-thread-4] [com.huobi.wss.handle.WssNotificationHandle.dealPing:129] - 发送pong:1729839294708
2024-10-25 14:54:59.940 [DEBUG] [pool-2-thread-5] [com.huobi.wss.handle.WssNotificationHandle.dealPing:129] - 发送pong:1729839300011
2024-10-25 14:55:05.227 [DEBUG] [pool-2-thread-7] [com.huobi.wss.handle.WssNotificationHandle.dealPing:129] - 发送pong:1729839305301
2024-10-25 14:55:10.518 [DEBUG] [pool-2-thread-6] [com.huobi.wss.handle.WssNotificationHandle.dealPing:129] - 发送pong:1729839310588
2024-10-25 14:55:15.807 [DEBUG] [pool-2-thread-8] [com.huobi.wss.handle.WssNotificationHandle.dealPing:129] - 发送pong:1729839315878
2024-10-25 14:55:21.088 [DEBUG] [pool-2-thread-9] [com.huobi.wss.handle.WssNotificationHandle.dealPing:129] - 发送pong:1729839321168
2024-10-25 14:55:26.377 [DEBUG] [pool-2-thread-10] [com.huobi.wss.handle.WssNotificationHandle.dealPing:129] - 发送pong:1729839326447
2024-10-25 14:55:31.661 [DEBUG] [pool-2-thread-1] [com.huobi.wss.handle.WssNotificationHandle.dealPing:129] - 发送pong:1729839331736
2024-10-25 14:55:36.956 [DEBUG] [pool-2-thread-3] [com.huobi.wss.handle.WssNotificationHandle.dealPing:129] - 发送pong:1729839337020
2024-10-25 14:55:42.241 [DEBUG] [pool-2-thread-2] [com.huobi.wss.handle.WssNotificationHandle.dealPing:129] - 发送pong:1729839342316
2024-10-25 14:55:49.338 [DEBUG] [pool-2-thread-4] [com.huobi.wss.handle.WssNotificationHandle.dealPing:129] - 发送pong:1729839349407
2024-10-25 14:55:55.045 [DEBUG] [pool-2-thread-5] [com.huobi.wss.handle.WssNotificationHandle.dealPing:129] - 发送pong:1729839354697
2024-10-25 14:56:00.341 [DEBUG] [pool-2-thread-7] [com.huobi.wss.handle.WssNotificationHandle.dealPing:129] - 发送pong:1729839360406
2024-10-25 14:56:05.635 [DEBUG] [pool-2-thread-6] [com.huobi.wss.handle.WssNotificationHandle.dealPing:129] - 发送pong:1729839365701
2024-10-25 14:56:11.352 [DEBUG] [pool-2-thread-8] [com.huobi.wss.handle.WssNotificationHandle.dealPing:129] - 发送pong:1729839371007
2024-10-25 14:56:16.642 [DEBUG] [pool-2-thread-9] [com.huobi.wss.handle.WssNotificationHandle.dealPing:129] - 发送pong:1729839376712
2024-10-25 14:56:21.933 [DEBUG] [pool-2-thread-10] [com.huobi.wss.handle.WssNotificationHandle.dealPing:129] - 发送pong:1729839382001
2024-10-25 14:56:27.647 [DEBUG] [pool-2-thread-1] [com.huobi.wss.handle.WssNotificationHandle.dealPing:129] - 发送pong:1729839387292
2024-10-25 14:56:32.935 [DEBUG] [pool-2-thread-3] [com.huobi.wss.handle.WssNotificationHandle.dealPing:129] - 发送pong:1729839393005
2024-10-25 14:56:38.228 [DEBUG] [pool-2-thread-2] [com.huobi.wss.handle.WssNotificationHandle.dealPing:129] - 发送pong:1729839398294
2024-10-25 14:56:43.518 [DEBUG] [pool-2-thread-4] [com.huobi.wss.handle.WssNotificationHandle.dealPing:129] - 发送pong:1729839403589
2024-10-25 14:56:49.341 [DEBUG] [pool-2-thread-5] [com.huobi.wss.handle.WssNotificationHandle.dealPing:129] - 发送pong:1729839409409
2024-10-25 14:56:54.631 [DEBUG] [pool-2-thread-7] [com.huobi.wss.handle.WssNotificationHandle.dealPing:129] - 发送pong:1729839414701
2024-10-25 14:56:59.921 [DEBUG] [pool-2-thread-6] [com.huobi.wss.handle.WssNotificationHandle.dealPing:129] - 发送pong:1729839419990
2024-10-25 14:57:05.209 [DEBUG] [pool-2-thread-8] [com.huobi.wss.handle.WssNotificationHandle.dealPing:129] - 发送pong:1729839425279
2024-10-25 14:57:10.490 [DEBUG] [pool-2-thread-9] [com.huobi.wss.handle.WssNotificationHandle.dealPing:129] - 发送pong:1729839430568
2024-10-25 14:57:15.782 [DEBUG] [pool-2-thread-10] [com.huobi.wss.handle.WssNotificationHandle.dealPing:129] - 发送pong:1729839435852
2024-10-25 14:57:21.075 [DEBUG] [pool-2-thread-1] [com.huobi.wss.handle.WssNotificationHandle.dealPing:129] - 发送pong:1729839441145
2024-10-25 14:57:26.365 [DEBUG] [pool-2-thread-3] [com.huobi.wss.handle.WssNotificationHandle.dealPing:129] - 发送pong:1729839446433
2024-10-25 14:57:31.651 [DEBUG] [pool-2-thread-2] [com.huobi.wss.handle.WssNotificationHandle.dealPing:129] - 发送pong:1729839451723
2024-10-25 14:57:36.947 [DEBUG] [pool-2-thread-4] [com.huobi.wss.handle.WssNotificationHandle.dealPing:129] - 发送pong:1729839457010
2024-10-25 14:57:42.240 [DEBUG] [pool-2-thread-5] [com.huobi.wss.handle.WssNotificationHandle.dealPing:129] - 发送pong:1729839462308
2024-10-25 14:57:49.347 [DEBUG] [pool-2-thread-7] [com.huobi.wss.handle.WssNotificationHandle.dealPing:129] - 发送pong:1729839469406
2024-10-25 14:57:54.641 [DEBUG] [pool-2-thread-6] [com.huobi.wss.handle.WssNotificationHandle.dealPing:129] - 发送pong:1729839474704
2024-10-25 14:58:01.652 [DEBUG] [pool-2-thread-8] [com.huobi.wss.handle.WssNotificationHandle.dealPing:129] - 发送pong:1729839480013
2024-10-25 14:58:07.795 [DEBUG] [pool-2-thread-9] [com.huobi.wss.handle.WssNotificationHandle.dealPing:129] - 发送pong:1729839487010
2024-10-25 14:58:13.090 [DEBUG] [pool-2-thread-10] [com.huobi.wss.handle.WssNotificationHandle.dealPing:129] - 发送pong:1729839493152
2024-10-25 14:58:18.381 [DEBUG] [pool-2-thread-1] [com.huobi.wss.handle.WssNotificationHandle.dealPing:129] - 发送pong:1729839498447
2024-10-25 14:58:23.669 [DEBUG] [pool-2-thread-3] [com.huobi.wss.handle.WssNotificationHandle.dealPing:129] - 发送pong:1729839503738
2024-10-25 14:58:28.959 [DEBUG] [pool-2-thread-2] [com.huobi.wss.handle.WssNotificationHandle.dealPing:129] - 发送pong:1729839509026
2024-10-25 14:58:34.247 [DEBUG] [pool-2-thread-4] [com.huobi.wss.handle.WssNotificationHandle.dealPing:129] - 发送pong:1729839514316
2024-10-25 14:58:39.533 [DEBUG] [pool-2-thread-5] [com.huobi.wss.handle.WssNotificationHandle.dealPing:129] - 发送pong:1729839519603
2024-10-25 14:58:49.346 [DEBUG] [pool-2-thread-7] [com.huobi.wss.handle.WssNotificationHandle.dealPing:129] - 发送pong:1729839529414
2024-10-25 14:58:54.636 [DEBUG] [pool-2-thread-6] [com.huobi.wss.handle.WssNotificationHandle.dealPing:129] - 发送pong:1729839534704
2024-10-25 14:58:59.939 [DEBUG] [pool-2-thread-8] [com.huobi.wss.handle.WssNotificationHandle.dealPing:129] - 发送pong:1729839540002
2024-10-25 14:59:05.226 [DEBUG] [pool-2-thread-9] [com.huobi.wss.handle.WssNotificationHandle.dealPing:129] - 发送pong:1729839545297
2024-10-25 14:59:10.523 [DEBUG] [pool-2-thread-10] [com.huobi.wss.handle.WssNotificationHandle.dealPing:129] - 发送pong:1729839550585
2024-10-25 14:59:15.801 [DEBUG] [pool-2-thread-1] [com.huobi.wss.handle.WssNotificationHandle.dealPing:129] - 发送pong:1729839555881
2024-10-25 14:59:21.927 [DEBUG] [pool-2-thread-3] [com.huobi.wss.handle.WssNotificationHandle.dealPing:129] - 发送pong:1729839561159
2024-10-25 14:59:27.215 [DEBUG] [pool-2-thread-2] [com.huobi.wss.handle.WssNotificationHandle.dealPing:129] - 发送pong:1729839567283
2024-10-25 14:59:32.502 [DEBUG] [pool-2-thread-4] [com.huobi.wss.handle.WssNotificationHandle.dealPing:129] - 发送pong:1729839572571
2024-10-25 14:59:37.797 [DEBUG] [pool-2-thread-5] [com.huobi.wss.handle.WssNotificationHandle.dealPing:129] - 发送pong:1729839577862
2024-10-25 14:59:43.086 [DEBUG] [pool-2-thread-7] [com.huobi.wss.handle.WssNotificationHandle.dealPing:129] - 发送pong:1729839583154
2024-10-25 14:59:49.331 [DEBUG] [pool-2-thread-6] [com.huobi.wss.handle.WssNotificationHandle.dealPing:129] - 发送pong:1729839589406
2024-10-25 14:59:54.621 [DEBUG] [pool-2-thread-8] [com.huobi.wss.handle.WssNotificationHandle.dealPing:129] - 发送pong:1729839594701
2024-10-25 14:59:59.917 [DEBUG] [pool-2-thread-9] [com.huobi.wss.handle.WssNotificationHandle.dealPing:129] - 发送pong:1729839599999
